#! c:/iverilog-x64/bin/vvp
:ivl_version "10.1 (stable)" "(v10_1_1)";
:ivl_delay_selection "TYPICAL";
:vpi_time_precision - 9;
:vpi_module "system";
:vpi_module "vhdl_sys";
:vpi_module "v2005_math";
:vpi_module "va_math";
S_0000000002874ab0 .scope module, "testbench" "testbench" 2 2;
 .timescale -9 -9;
v00000000028cf8e0_0 .var "bar", 0 0;
v00000000028cf980_0 .var "clk", 0 0;
v00000000028cfa20_0 .net "n", 2 0, v000000000286a5d0_0;  1 drivers
v00000000028cfac0_0 .var "rst", 0 0;
v00000000028d0370_0 .net "s", 2 0, v000000000286a710_0;  1 drivers
v00000000028d0410_0 .net "y", 1 0, v00000000028cf840_0;  1 drivers
S_000000000286a3b0 .scope module, "barcode_reader" "source" 2 18, 3 2 0, S_0000000002874ab0;
 .timescale -9 -9;
    .port_info 0 /OUTPUT 2 "y"
    .port_info 1 /OUTPUT 3 "n"
    .port_info 2 /OUTPUT 3 "s"
    .port_info 3 /INPUT 1 "bar"
    .port_info 4 /INPUT 1 "rst"
    .port_info 5 /INPUT 1 "clk"
v0000000002874c30_0 .net "bar", 0 0, v00000000028cf8e0_0;  1 drivers
v000000000286a530_0 .net "clk", 0 0, v00000000028cf980_0;  1 drivers
v000000000286a5d0_0 .var "n", 2 0;
v000000000286a670_0 .net "rst", 0 0, v00000000028cfac0_0;  1 drivers
v000000000286a710_0 .var "s", 2 0;
v00000000028cf840_0 .var "y", 1 0;
E_0000000002877740/0 .event edge, v000000000286a670_0;
E_0000000002877740/1 .event posedge, v000000000286a530_0;
E_0000000002877740 .event/or E_0000000002877740/0, E_0000000002877740/1;
E_0000000002877bc0 .event edge, v0000000002874c30_0, v000000000286a710_0;
    .scope S_000000000286a3b0;
T_0 ;
    %wait E_0000000002877bc0;
    %load/vec4 v000000000286a710_0;
    %dup/vec4;
    %pushi/vec4 0, 0, 3;
    %cmp/u;
    %jmp/1 T_0.0, 6;
    %dup/vec4;
    %pushi/vec4 1, 0, 3;
    %cmp/u;
    %jmp/1 T_0.1, 6;
    %dup/vec4;
    %pushi/vec4 2, 0, 3;
    %cmp/u;
    %jmp/1 T_0.2, 6;
    %dup/vec4;
    %pushi/vec4 3, 0, 3;
    %cmp/u;
    %jmp/1 T_0.3, 6;
    %dup/vec4;
    %pushi/vec4 4, 0, 3;
    %cmp/u;
    %jmp/1 T_0.4, 6;
    %dup/vec4;
    %pushi/vec4 5, 0, 3;
    %cmp/u;
    %jmp/1 T_0.5, 6;
    %dup/vec4;
    %pushi/vec4 6, 0, 3;
    %cmp/u;
    %jmp/1 T_0.6, 6;
    %dup/vec4;
    %pushi/vec4 7, 0, 3;
    %cmp/u;
    %jmp/1 T_0.7, 6;
    %jmp T_0.8;
T_0.0 ;
    %load/vec4 v0000000002874c30_0;
    %pad/u 32;
    %cmpi/e 0, 0, 32;
    %jmp/0xz  T_0.9, 4;
    %pushi/vec4 1, 0, 3;
    %assign/vec4 v000000000286a5d0_0, 0;
    %jmp T_0.10;
T_0.9 ;
    %pushi/vec4 0, 0, 3;
    %assign/vec4 v000000000286a5d0_0, 0;
T_0.10 ;
    %pushi/vec4 2, 0, 2;
    %assign/vec4 v00000000028cf840_0, 0;
    %jmp T_0.8;
T_0.1 ;
    %load/vec4 v0000000002874c30_0;
    %pad/u 32;
    %cmpi/e 0, 0, 32;
    %jmp/0xz  T_0.11, 4;
    %pushi/vec4 6, 0, 3;
    %assign/vec4 v000000000286a5d0_0, 0;
    %jmp T_0.12;
T_0.11 ;
    %pushi/vec4 2, 0, 3;
    %assign/vec4 v000000000286a5d0_0, 0;
T_0.12 ;
    %pushi/vec4 2, 0, 2;
    %assign/vec4 v00000000028cf840_0, 0;
    %jmp T_0.8;
T_0.2 ;
    %load/vec4 v0000000002874c30_0;
    %pad/u 32;
    %cmpi/e 0, 0, 32;
    %jmp/0xz  T_0.13, 4;
    %pushi/vec4 5, 0, 3;
    %assign/vec4 v000000000286a5d0_0, 0;
    %jmp T_0.14;
T_0.13 ;
    %pushi/vec4 3, 0, 3;
    %assign/vec4 v000000000286a5d0_0, 0;
T_0.14 ;
    %pushi/vec4 2, 0, 2;
    %assign/vec4 v00000000028cf840_0, 0;
    %jmp T_0.8;
T_0.3 ;
    %load/vec4 v0000000002874c30_0;
    %pad/u 32;
    %cmpi/e 0, 0, 32;
    %jmp/0xz  T_0.15, 4;
    %pushi/vec4 1, 0, 3;
    %assign/vec4 v000000000286a5d0_0, 0;
    %jmp T_0.16;
T_0.15 ;
    %pushi/vec4 4, 0, 3;
    %assign/vec4 v000000000286a5d0_0, 0;
T_0.16 ;
    %pushi/vec4 2, 0, 2;
    %assign/vec4 v00000000028cf840_0, 0;
    %jmp T_0.8;
T_0.4 ;
    %load/vec4 v0000000002874c30_0;
    %pad/u 32;
    %cmpi/e 0, 0, 32;
    %jmp/0xz  T_0.17, 4;
    %pushi/vec4 1, 0, 3;
    %assign/vec4 v000000000286a5d0_0, 0;
    %jmp T_0.18;
T_0.17 ;
    %pushi/vec4 0, 0, 3;
    %assign/vec4 v000000000286a5d0_0, 0;
T_0.18 ;
    %pushi/vec4 1, 0, 2;
    %assign/vec4 v00000000028cf840_0, 0;
    %jmp T_0.8;
T_0.5 ;
    %load/vec4 v0000000002874c30_0;
    %pad/u 32;
    %cmpi/e 0, 0, 32;
    %jmp/0xz  T_0.19, 4;
    %pushi/vec4 6, 0, 3;
    %assign/vec4 v000000000286a5d0_0, 0;
    %jmp T_0.20;
T_0.19 ;
    %pushi/vec4 2, 0, 3;
    %assign/vec4 v000000000286a5d0_0, 0;
T_0.20 ;
    %pushi/vec4 0, 0, 2;
    %assign/vec4 v00000000028cf840_0, 0;
    %jmp T_0.8;
T_0.6 ;
    %load/vec4 v0000000002874c30_0;
    %pad/u 32;
    %cmpi/e 0, 0, 32;
    %jmp/0xz  T_0.21, 4;
    %pushi/vec4 1, 0, 3;
    %assign/vec4 v000000000286a5d0_0, 0;
    %jmp T_0.22;
T_0.21 ;
    %pushi/vec4 0, 0, 3;
    %assign/vec4 v000000000286a5d0_0, 0;
T_0.22 ;
    %pushi/vec4 3, 0, 2;
    %assign/vec4 v00000000028cf840_0, 0;
    %jmp T_0.8;
T_0.7 ;
    %load/vec4 v0000000002874c30_0;
    %pad/u 32;
    %cmpi/e 0, 0, 32;
    %jmp/0xz  T_0.23, 4;
    %pushi/vec4 0, 0, 3;
    %assign/vec4 v000000000286a5d0_0, 0;
    %jmp T_0.24;
T_0.23 ;
    %pushi/vec4 0, 0, 3;
    %assign/vec4 v000000000286a5d0_0, 0;
T_0.24 ;
    %pushi/vec4 2, 0, 2;
    %assign/vec4 v00000000028cf840_0, 0;
    %jmp T_0.8;
T_0.8 ;
    %pop/vec4 1;
    %jmp T_0;
    .thread T_0, $push;
    .scope S_000000000286a3b0;
T_1 ;
    %wait E_0000000002877740;
    %load/vec4 v000000000286a670_0;
    %flag_set/vec4 8;
    %jmp/0xz  T_1.0, 8;
    %pushi/vec4 0, 0, 3;
    %assign/vec4 v000000000286a710_0, 0;
    %jmp T_1.1;
T_1.0 ;
    %load/vec4 v000000000286a5d0_0;
    %assign/vec4 v000000000286a710_0, 0;
T_1.1 ;
    %jmp T_1;
    .thread T_1;
    .scope S_0000000002874ab0;
T_2 ;
    %pushi/vec4 1, 0, 1;
    %store/vec4 v00000000028cf980_0, 0, 1;
    %end;
    .thread T_2;
    .scope S_0000000002874ab0;
T_3 ;
    %delay 5, 0;
    %load/vec4 v00000000028cf980_0;
    %inv;
    %store/vec4 v00000000028cf980_0, 0, 1;
    %jmp T_3;
    .thread T_3;
    .scope S_0000000002874ab0;
T_4 ;
    %pushi/vec4 1, 0, 1;
    %store/vec4 v00000000028cfac0_0, 0, 1;
    %end;
    .thread T_4;
    .scope S_0000000002874ab0;
T_5 ;
    %pushi/vec4 1, 0, 1;
    %store/vec4 v00000000028cf8e0_0, 0, 1;
    %end;
    .thread T_5;
    .scope S_0000000002874ab0;
T_6 ;
    %vpi_call 2 21 "$dumpfile", "TimingDiagram.vcd" {0 0 0};
    %vpi_call 2 22 "$dumpvars", 32'sb00000000000000000000000000000000, v00000000028d0410_0, v00000000028cfa20_0, v00000000028d0370_0, v00000000028cf8e0_0, v00000000028cfac0_0, v00000000028cf980_0 {0 0 0};
    %delay 5, 0;
    %pushi/vec4 0, 0, 1;
    %store/vec4 v00000000028cfac0_0, 0, 1;
    %pushi/vec4 0, 0, 1;
    %store/vec4 v00000000028cf8e0_0, 0, 1;
    %delay 10, 0;
    %pushi/vec4 1, 0, 1;
    %store/vec4 v00000000028cf8e0_0, 0, 1;
    %delay 10, 0;
    %pushi/vec4 0, 0, 1;
    %store/vec4 v00000000028cf8e0_0, 0, 1;
    %delay 10, 0;
    %pushi/vec4 1, 0, 1;
    %store/vec4 v00000000028cf8e0_0, 0, 1;
    %delay 10, 0;
    %pushi/vec4 1, 0, 1;
    %store/vec4 v00000000028cf8e0_0, 0, 1;
    %delay 10, 0;
    %pushi/vec4 1, 0, 1;
    %store/vec4 v00000000028cf8e0_0, 0, 1;
    %delay 10, 0;
    %pushi/vec4 0, 0, 1;
    %store/vec4 v00000000028cf8e0_0, 0, 1;
    %delay 10, 0;
    %pushi/vec4 1, 0, 1;
    %store/vec4 v00000000028cf8e0_0, 0, 1;
    %delay 10, 0;
    %pushi/vec4 0, 0, 1;
    %store/vec4 v00000000028cf8e0_0, 0, 1;
    %delay 10, 0;
    %pushi/vec4 1, 0, 1;
    %store/vec4 v00000000028cf8e0_0, 0, 1;
    %delay 10, 0;
    %pushi/vec4 0, 0, 1;
    %store/vec4 v00000000028cf8e0_0, 0, 1;
    %delay 10, 0;
    %pushi/vec4 1, 0, 1;
    %store/vec4 v00000000028cf8e0_0, 0, 1;
    %delay 10, 0;
    %pushi/vec4 1, 0, 1;
    %store/vec4 v00000000028cf8e0_0, 0, 1;
    %delay 10, 0;
    %pushi/vec4 1, 0, 1;
    %store/vec4 v00000000028cf8e0_0, 0, 1;
    %delay 10, 0;
    %pushi/vec4 0, 0, 1;
    %store/vec4 v00000000028cf8e0_0, 0, 1;
    %delay 10, 0;
    %pushi/vec4 1, 0, 1;
    %store/vec4 v00000000028cf8e0_0, 0, 1;
    %delay 10, 0;
    %pushi/vec4 0, 0, 1;
    %store/vec4 v00000000028cf8e0_0, 0, 1;
    %delay 10, 0;
    %delay 10, 0;
    %vpi_call 2 60 "$finish" {0 0 0};
    %end;
    .thread T_6;
# The file index is used to find the file name in the following table.
:file_names 4;
    "N/A";
    "<interactive>";
    ".\test_bench.v";
    ".\source.v";
