#! c:/iverilog-x64/bin/vvp
:ivl_version "10.1 (stable)" "(v10_1_1)";
:ivl_delay_selection "TYPICAL";
:vpi_time_precision - 9;
:vpi_module "system";
:vpi_module "vhdl_sys";
:vpi_module "v2005_math";
:vpi_module "va_math";
S_0000000004865160 .scope module, "TestBench" "TestBench" 2 2;
 .timescale -9 -9;
v00000000048d28d0_0 .var "X", 2 0;
v00000000048d2ab0_0 .var "Y", 1 0;
v00000000048d2330_0 .net "Z", 0 0, v00000000048d25b0_0;  1 drivers
v00000000048d2970_0 .var "x_c", 2 0;
v00000000048d2a10_0 .var "y_c", 1 0;
S_00000000048652e0 .scope module, "my_decode_mux" "mycomponent" 2 10, 3 1 0, S_0000000004865160;
 .timescale -9 -9;
    .port_info 0 /OUTPUT 1 "Z"
    .port_info 1 /INPUT 2 "Y"
    .port_info 2 /INPUT 3 "X"
L_0000000004879180 .functor OR 1, L_00000000048d2c90, L_00000000048d1d90, C4<0>, C4<0>;
L_0000000004876de0 .functor OR 1, L_00000000048d4090, L_00000000048d3ff0, C4<0>, C4<0>;
L_0000000004874a80 .functor NOT 1, L_00000000048d46d0, C4<0>, C4<0>, C4<0>;
L_00000000048d5970 .functor NOT 1, L_00000000048d4ef0, C4<0>, C4<0>, C4<0>;
L_00000000048d59e0 .functor NOT 1, L_0000000004879180, C4<0>, C4<0>, C4<0>;
v00000000048d1ed0_0 .net "X", 2 0, v00000000048d28d0_0;  1 drivers
v00000000048d2010_0 .net "Y", 1 0, v00000000048d2ab0_0;  1 drivers
v00000000048d1f70_0 .net "Z", 0 0, v00000000048d25b0_0;  alias, 1 drivers
v00000000048d2290_0 .net *"_s12", 0 0, L_00000000048d46d0;  1 drivers
v00000000048d2510_0 .net *"_s15", 0 0, L_00000000048d4ef0;  1 drivers
v00000000048d2470_0 .net *"_s2", 0 0, L_00000000048d2c90;  1 drivers
v00000000048d2650_0 .net *"_s4", 0 0, L_00000000048d1d90;  1 drivers
v00000000048d26f0_0 .net *"_s7", 0 0, L_00000000048d4090;  1 drivers
v00000000048d2bf0_0 .net *"_s9", 0 0, L_00000000048d3ff0;  1 drivers
v00000000048d2790_0 .net "d0_not", 0 0, L_0000000004874a80;  1 drivers
v00000000048d20b0_0 .net "d0_or_d2", 0 0, L_0000000004876de0;  1 drivers
v00000000048d1e30_0 .net "d2_or_d3", 0 0, L_0000000004879180;  1 drivers
v00000000048d2b50_0 .net "d2_or_d3__not", 0 0, L_00000000048d59e0;  1 drivers
v00000000048d2150_0 .net "d3_not", 0 0, L_00000000048d5970;  1 drivers
v00000000048d2830_0 .net "d_output", 3 0, v00000000048790e0_0;  1 drivers
v00000000048d21f0_0 .var "m_input", 7 0;
E_0000000004876b10/0 .event edge, v00000000048d1e30_0, v00000000048d2790_0, v00000000048d20b0_0, v00000000048d2150_0;
E_0000000004876b10/1 .event edge, v00000000048790e0_0, v00000000048d2b50_0;
E_0000000004876b10 .event/or E_0000000004876b10/0, E_0000000004876b10/1;
L_00000000048d2c90 .part v00000000048790e0_0, 2, 1;
L_00000000048d1d90 .part v00000000048790e0_0, 3, 1;
L_00000000048d4090 .part v00000000048790e0_0, 0, 1;
L_00000000048d3ff0 .part v00000000048790e0_0, 2, 1;
L_00000000048d46d0 .part v00000000048790e0_0, 0, 1;
L_00000000048d4ef0 .part v00000000048790e0_0, 3, 1;
S_00000000028ed360 .scope module, "decoded" "decoder_2_4" 3 13, 4 2 0, S_00000000048652e0;
 .timescale -9 -9;
    .port_info 0 /OUTPUT 4 "Y"
    .port_info 1 /INPUT 2 "X"
v0000000004865460_0 .net "X", 1 0, v00000000048d2ab0_0;  alias, 1 drivers
v00000000048790e0_0 .var "Y", 3 0;
E_0000000004876110 .event edge, v0000000004865460_0;
S_00000000028ed4e0 .scope module, "muxed" "mux_8_1" 3 25, 5 2 0, S_00000000048652e0;
 .timescale -9 -9;
    .port_info 0 /OUTPUT 1 "Y"
    .port_info 1 /INPUT 8 "X"
    .port_info 2 /INPUT 3 "S"
v00000000028ed660_0 .net "S", 2 0, v00000000048d28d0_0;  alias, 1 drivers
v00000000048d23d0_0 .net "X", 7 0, v00000000048d21f0_0;  1 drivers
v00000000048d25b0_0 .var "Y", 0 0;
E_0000000004875e90 .event edge, v00000000028ed660_0, v00000000048d23d0_0;
    .scope S_00000000028ed360;
T_0 ;
    %wait E_0000000004876110;
    %load/vec4 v0000000004865460_0;
    %dup/vec4;
    %pushi/vec4 0, 0, 2;
    %cmp/u;
    %jmp/1 T_0.0, 6;
    %dup/vec4;
    %pushi/vec4 1, 0, 2;
    %cmp/u;
    %jmp/1 T_0.1, 6;
    %dup/vec4;
    %pushi/vec4 2, 0, 2;
    %cmp/u;
    %jmp/1 T_0.2, 6;
    %pushi/vec4 8, 0, 4;
    %assign/vec4 v00000000048790e0_0, 0;
    %jmp T_0.4;
T_0.0 ;
    %pushi/vec4 1, 0, 4;
    %assign/vec4 v00000000048790e0_0, 0;
    %jmp T_0.4;
T_0.1 ;
    %pushi/vec4 2, 0, 4;
    %assign/vec4 v00000000048790e0_0, 0;
    %jmp T_0.4;
T_0.2 ;
    %pushi/vec4 4, 0, 4;
    %assign/vec4 v00000000048790e0_0, 0;
    %jmp T_0.4;
T_0.4 ;
    %pop/vec4 1;
    %jmp T_0;
    .thread T_0, $push;
    .scope S_00000000028ed4e0;
T_1 ;
    %wait E_0000000004875e90;
    %load/vec4 v00000000028ed660_0;
    %dup/vec4;
    %pushi/vec4 0, 0, 3;
    %cmp/u;
    %jmp/1 T_1.0, 6;
    %dup/vec4;
    %pushi/vec4 1, 0, 3;
    %cmp/u;
    %jmp/1 T_1.1, 6;
    %dup/vec4;
    %pushi/vec4 2, 0, 3;
    %cmp/u;
    %jmp/1 T_1.2, 6;
    %dup/vec4;
    %pushi/vec4 3, 0, 3;
    %cmp/u;
    %jmp/1 T_1.3, 6;
    %dup/vec4;
    %pushi/vec4 4, 0, 3;
    %cmp/u;
    %jmp/1 T_1.4, 6;
    %dup/vec4;
    %pushi/vec4 5, 0, 3;
    %cmp/u;
    %jmp/1 T_1.5, 6;
    %dup/vec4;
    %pushi/vec4 6, 0, 3;
    %cmp/u;
    %jmp/1 T_1.6, 6;
    %load/vec4 v00000000048d23d0_0;
    %parti/s 1, 7, 4;
    %assign/vec4 v00000000048d25b0_0, 0;
    %jmp T_1.8;
T_1.0 ;
    %load/vec4 v00000000048d23d0_0;
    %parti/s 1, 0, 2;
    %assign/vec4 v00000000048d25b0_0, 0;
    %jmp T_1.8;
T_1.1 ;
    %load/vec4 v00000000048d23d0_0;
    %parti/s 1, 1, 2;
    %assign/vec4 v00000000048d25b0_0, 0;
    %jmp T_1.8;
T_1.2 ;
    %load/vec4 v00000000048d23d0_0;
    %parti/s 1, 2, 3;
    %assign/vec4 v00000000048d25b0_0, 0;
    %jmp T_1.8;
T_1.3 ;
    %load/vec4 v00000000048d23d0_0;
    %parti/s 1, 3, 3;
    %assign/vec4 v00000000048d25b0_0, 0;
    %jmp T_1.8;
T_1.4 ;
    %load/vec4 v00000000048d23d0_0;
    %parti/s 1, 4, 4;
    %assign/vec4 v00000000048d25b0_0, 0;
    %jmp T_1.8;
T_1.5 ;
    %load/vec4 v00000000048d23d0_0;
    %parti/s 1, 5, 4;
    %assign/vec4 v00000000048d25b0_0, 0;
    %jmp T_1.8;
T_1.6 ;
    %load/vec4 v00000000048d23d0_0;
    %parti/s 1, 6, 4;
    %assign/vec4 v00000000048d25b0_0, 0;
    %jmp T_1.8;
T_1.8 ;
    %pop/vec4 1;
    %jmp T_1;
    .thread T_1, $push;
    .scope S_00000000048652e0;
T_2 ;
    %wait E_0000000004876b10;
    %load/vec4 v00000000048d1e30_0;
    %ix/load 4, 0, 0;
    %ix/load 5, 0, 0;
    %flag_set/imm 4, 0;
    %assign/vec4/off/d v00000000048d21f0_0, 4, 5;
    %load/vec4 v00000000048d2790_0;
    %ix/load 4, 1, 0;
    %ix/load 5, 0, 0;
    %flag_set/imm 4, 0;
    %assign/vec4/off/d v00000000048d21f0_0, 4, 5;
    %load/vec4 v00000000048d20b0_0;
    %ix/load 4, 2, 0;
    %ix/load 5, 0, 0;
    %flag_set/imm 4, 0;
    %assign/vec4/off/d v00000000048d21f0_0, 4, 5;
    %load/vec4 v00000000048d2150_0;
    %ix/load 4, 3, 0;
    %ix/load 5, 0, 0;
    %flag_set/imm 4, 0;
    %assign/vec4/off/d v00000000048d21f0_0, 4, 5;
    %load/vec4 v00000000048d2830_0;
    %parti/s 1, 3, 3;
    %ix/load 4, 4, 0;
    %ix/load 5, 0, 0;
    %flag_set/imm 4, 0;
    %assign/vec4/off/d v00000000048d21f0_0, 4, 5;
    %load/vec4 v00000000048d2150_0;
    %ix/load 4, 5, 0;
    %ix/load 5, 0, 0;
    %flag_set/imm 4, 0;
    %assign/vec4/off/d v00000000048d21f0_0, 4, 5;
    %pushi/vec4 0, 0, 1;
    %ix/load 4, 6, 0;
    %flag_set/imm 4, 0;
    %store/vec4 v00000000048d21f0_0, 4, 1;
    %load/vec4 v00000000048d2b50_0;
    %ix/load 4, 7, 0;
    %ix/load 5, 0, 0;
    %flag_set/imm 4, 0;
    %assign/vec4/off/d v00000000048d21f0_0, 4, 5;
    %jmp T_2;
    .thread T_2, $push;
    .scope S_0000000004865160;
T_3 ;
    %vpi_call 2 13 "$dumpfile", "TimingDiagram.vcd" {0 0 0};
    %vpi_call 2 14 "$dumpvars", 32'sb00000000000000000000000000000000, v00000000048d2330_0, v00000000048d2ab0_0, v00000000048d28d0_0 {0 0 0};
    %pushi/vec4 0, 0, 2;
    %store/vec4 v00000000048d2a10_0, 0, 2;
    %pushi/vec4 4, 0, 32;
T_3.0 %dup/vec4;
    %pushi/vec4 0, 0, 32;
    %cmp/s;
    %jmp/1xz T_3.1, 5;
    %jmp/1 T_3.1, 4;
    %pushi/vec4 1, 0, 32;
    %sub;
    %load/vec4 v00000000048d2a10_0;
    %store/vec4 v00000000048d2ab0_0, 0, 2;
    %pushi/vec4 0, 0, 3;
    %store/vec4 v00000000048d2970_0, 0, 3;
    %pushi/vec4 8, 0, 32;
T_3.2 %dup/vec4;
    %pushi/vec4 0, 0, 32;
    %cmp/s;
    %jmp/1xz T_3.3, 5;
    %jmp/1 T_3.3, 4;
    %pushi/vec4 1, 0, 32;
    %sub;
    %load/vec4 v00000000048d2970_0;
    %store/vec4 v00000000048d28d0_0, 0, 3;
    %load/vec4 v00000000048d2970_0;
    %addi 1, 0, 3;
    %store/vec4 v00000000048d2970_0, 0, 3;
    %delay 20, 0;
    %jmp T_3.2;
T_3.3 ;
    %pop/vec4 1;
    %load/vec4 v00000000048d2a10_0;
    %addi 1, 0, 2;
    %store/vec4 v00000000048d2a10_0, 0, 2;
    %jmp T_3.0;
T_3.1 ;
    %pop/vec4 1;
    %vpi_call 2 37 "$finish" {0 0 0};
    %end;
    .thread T_3;
# The file index is used to find the file name in the following table.
:file_names 6;
    "N/A";
    "<interactive>";
    ".\test_bench.v";
    ".\my_component.v";
    ".\decoder_2_4.v";
    ".\mux_8_1.v";
