#! c:/iverilog-x64/bin/vvp
:ivl_version "10.1 (stable)" "(v10_1_1)";
:ivl_delay_selection "TYPICAL";
:vpi_time_precision - 9;
:vpi_module "system";
:vpi_module "vhdl_sys";
:vpi_module "v2005_math";
:vpi_module "va_math";
S_0000000004884a00 .scope module, "testbench" "testbench" 2 2;
 .timescale -9 -9;
v00000000048de280_0 .net "Cout", 0 0, v0000000004884b80_0;  1 drivers
v00000000048de320_0 .net "F", 4 0, v0000000004879260_0;  1 drivers
v00000000048de3c0_0 .net "Overflow", 0 0, v0000000004879300_0;  1 drivers
v00000000048de460_0 .var "S", 1 0;
v00000000048de500_0 .var "X", 4 0;
v00000000048de5a0_0 .var "Y", 4 0;
v00000000048de870_0 .net "negative", 0 0, v00000000048de140_0;  1 drivers
v00000000048de730_0 .net "zero", 0 0, v00000000048de1e0_0;  1 drivers
S_00000000048790e0 .scope module, "asd" "mymodule" 2 14, 3 2 0, S_0000000004884a00;
 .timescale -9 -9;
    .port_info 0 /INPUT 5 "X"
    .port_info 1 /INPUT 5 "Y"
    .port_info 2 /INPUT 2 "S"
    .port_info 3 /OUTPUT 1 "zero"
    .port_info 4 /OUTPUT 1 "negative"
    .port_info 5 /OUTPUT 1 "Overflow"
    .port_info 6 /OUTPUT 1 "Cout"
    .port_info 7 /OUTPUT 5 "F"
v0000000004884b80_0 .var "Cout", 0 0;
v0000000004879260_0 .var "F", 4 0;
v0000000004879300_0 .var "Overflow", 0 0;
v00000000048793a0_0 .net "S", 1 0, v00000000048de460_0;  1 drivers
v0000000004879440_0 .net "X", 4 0, v00000000048de500_0;  1 drivers
v00000000048de0a0_0 .net "Y", 4 0, v00000000048de5a0_0;  1 drivers
v00000000048de140_0 .var "negative", 0 0;
v00000000048de1e0_0 .var "zero", 0 0;
E_0000000004886900 .event edge, v00000000048793a0_0, v00000000048de0a0_0, v0000000004879440_0;
    .scope S_00000000048790e0;
T_0 ;
    %wait E_0000000004886900;
    %load/vec4 v00000000048793a0_0;
    %dup/vec4;
    %pushi/vec4 0, 0, 2;
    %cmp/u;
    %jmp/1 T_0.0, 6;
    %dup/vec4;
    %pushi/vec4 1, 0, 2;
    %cmp/u;
    %jmp/1 T_0.1, 6;
    %dup/vec4;
    %pushi/vec4 2, 0, 2;
    %cmp/u;
    %jmp/1 T_0.2, 6;
    %dup/vec4;
    %pushi/vec4 3, 0, 2;
    %cmp/u;
    %jmp/1 T_0.3, 6;
    %jmp T_0.4;
T_0.0 ;
    %pushi/vec4 0, 0, 1;
    %store/vec4 v0000000004879300_0, 0, 1;
    %load/vec4 v0000000004879440_0;
    %load/vec4 v00000000048de0a0_0;
    %cmp/e;
    %flag_get/vec4 4;
    %inv;
    %store/vec4 v0000000004884b80_0, 0, 1;
    %pushi/vec4 0, 0, 1;
    %store/vec4 v00000000048de140_0, 0, 1;
    %pushi/vec4 0, 0, 5;
    %store/vec4 v0000000004879260_0, 0, 5;
    %load/vec4 v0000000004879260_0;
    %pad/u 32;
    %cmpi/e 0, 0, 32;
    %jmp/0xz  T_0.5, 4;
    %pushi/vec4 1, 0, 1;
    %store/vec4 v00000000048de1e0_0, 0, 1;
    %jmp T_0.6;
T_0.5 ;
    %pushi/vec4 0, 0, 1;
    %store/vec4 v00000000048de1e0_0, 0, 1;
T_0.6 ;
    %jmp T_0.4;
T_0.1 ;
    %pushi/vec4 0, 0, 1;
    %store/vec4 v0000000004879300_0, 0, 1;
    %pushi/vec4 0, 0, 1;
    %store/vec4 v00000000048de140_0, 0, 1;
    %load/vec4 v0000000004879440_0;
    %parti/s 3, 2, 3;
    %pad/u 6;
    %load/vec4 v00000000048de0a0_0;
    %parti/s 3, 1, 2;
    %pad/u 6;
    %mul;
    %split/vec4 5;
    %store/vec4 v0000000004879260_0, 0, 5;
    %store/vec4 v0000000004884b80_0, 0, 1;
    %load/vec4 v0000000004879260_0;
    %pad/u 32;
    %cmpi/e 0, 0, 32;
    %jmp/0xz  T_0.7, 4;
    %pushi/vec4 1, 0, 1;
    %store/vec4 v00000000048de1e0_0, 0, 1;
    %jmp T_0.8;
T_0.7 ;
    %pushi/vec4 0, 0, 1;
    %store/vec4 v00000000048de1e0_0, 0, 1;
T_0.8 ;
    %jmp T_0.4;
T_0.2 ;
    %load/vec4 v0000000004879440_0;
    %pad/u 6;
    %load/vec4 v00000000048de0a0_0;
    %parti/s 1, 3, 3;
    %load/vec4 v00000000048de0a0_0;
    %parti/s 1, 2, 3;
    %concat/vec4; draw_concat_vec4
    %load/vec4 v00000000048de0a0_0;
    %parti/s 1, 1, 2;
    %concat/vec4; draw_concat_vec4
    %pad/u 6;
    %add;
    %split/vec4 5;
    %store/vec4 v0000000004879260_0, 0, 5;
    %store/vec4 v0000000004884b80_0, 0, 1;
    %load/vec4 v0000000004879260_0;
    %parti/s 1, 4, 4;
    %store/vec4 v00000000048de140_0, 0, 1;
    %load/vec4 v0000000004879440_0;
    %parti/s 1, 4, 4;
    %inv;
    %load/vec4 v0000000004879260_0;
    %parti/s 1, 4, 4;
    %and;
    %store/vec4 v0000000004879300_0, 0, 1;
    %load/vec4 v0000000004879260_0;
    %pad/u 32;
    %cmpi/e 0, 0, 32;
    %jmp/0xz  T_0.9, 4;
    %pushi/vec4 1, 0, 1;
    %store/vec4 v00000000048de1e0_0, 0, 1;
    %jmp T_0.10;
T_0.9 ;
    %pushi/vec4 0, 0, 1;
    %store/vec4 v00000000048de1e0_0, 0, 1;
T_0.10 ;
    %jmp T_0.4;
T_0.3 ;
    %load/vec4 v0000000004879440_0;
    %pad/u 6;
    %load/vec4 v00000000048de0a0_0;
    %pad/u 6;
    %add;
    %addi 1, 0, 6;
    %split/vec4 5;
    %store/vec4 v0000000004879260_0, 0, 5;
    %store/vec4 v0000000004884b80_0, 0, 1;
    %load/vec4 v0000000004879440_0;
    %parti/s 1, 4, 4;
    %inv;
    %load/vec4 v00000000048de0a0_0;
    %parti/s 1, 4, 4;
    %inv;
    %and;
    %load/vec4 v0000000004879260_0;
    %parti/s 1, 4, 4;
    %and;
    %load/vec4 v0000000004879440_0;
    %parti/s 1, 4, 4;
    %load/vec4 v00000000048de0a0_0;
    %parti/s 1, 4, 4;
    %and;
    %load/vec4 v0000000004879260_0;
    %parti/s 1, 4, 4;
    %inv;
    %and;
    %or;
    %store/vec4 v0000000004879300_0, 0, 1;
    %load/vec4 v0000000004879260_0;
    %pad/u 32;
    %cmpi/e 0, 0, 32;
    %jmp/0xz  T_0.11, 4;
    %pushi/vec4 1, 0, 1;
    %store/vec4 v00000000048de1e0_0, 0, 1;
    %jmp T_0.12;
T_0.11 ;
    %pushi/vec4 0, 0, 1;
    %store/vec4 v00000000048de1e0_0, 0, 1;
T_0.12 ;
    %load/vec4 v0000000004879260_0;
    %parti/s 1, 4, 4;
    %store/vec4 v00000000048de140_0, 0, 1;
    %jmp T_0.4;
T_0.4 ;
    %pop/vec4 1;
    %jmp T_0;
    .thread T_0, $push;
    .scope S_0000000004884a00;
T_1 ;
    %vpi_call 2 17 "$dumpfile", "TimingDiagram.vcd" {0 0 0};
    %vpi_call 2 18 "$dumpvars", 32'sb00000000000000000000000000000000, v00000000048de500_0, v00000000048de5a0_0, v00000000048de460_0, v00000000048de730_0, v00000000048de870_0, v00000000048de3c0_0, v00000000048de280_0, v00000000048de320_0 {0 0 0};
    %pushi/vec4 0, 0, 2;
    %assign/vec4 v00000000048de460_0, 0;
    %pushi/vec4 0, 0, 5;
    %assign/vec4 v00000000048de500_0, 0;
    %pushi/vec4 0, 0, 5;
    %assign/vec4 v00000000048de5a0_0, 0;
    %delay 20, 0;
    %pushi/vec4 4, 0, 32;
T_1.0 %dup/vec4;
    %pushi/vec4 0, 0, 32;
    %cmp/s;
    %jmp/1xz T_1.1, 5;
    %jmp/1 T_1.1, 4;
    %pushi/vec4 1, 0, 32;
    %sub;
    %pushi/vec4 32, 0, 32;
T_1.2 %dup/vec4;
    %pushi/vec4 0, 0, 32;
    %cmp/s;
    %jmp/1xz T_1.3, 5;
    %jmp/1 T_1.3, 4;
    %pushi/vec4 1, 0, 32;
    %sub;
    %pushi/vec4 32, 0, 32;
T_1.4 %dup/vec4;
    %pushi/vec4 0, 0, 32;
    %cmp/s;
    %jmp/1xz T_1.5, 5;
    %jmp/1 T_1.5, 4;
    %pushi/vec4 1, 0, 32;
    %sub;
    %delay 2, 0;
    %load/vec4 v00000000048de5a0_0;
    %addi 1, 0, 5;
    %assign/vec4 v00000000048de5a0_0, 0;
    %jmp T_1.4;
T_1.5 ;
    %pop/vec4 1;
    %load/vec4 v00000000048de500_0;
    %addi 1, 0, 5;
    %assign/vec4 v00000000048de500_0, 0;
    %jmp T_1.2;
T_1.3 ;
    %pop/vec4 1;
    %load/vec4 v00000000048de460_0;
    %addi 1, 0, 2;
    %assign/vec4 v00000000048de460_0, 0;
    %jmp T_1.0;
T_1.1 ;
    %pop/vec4 1;
    %vpi_call 2 38 "$finish" {0 0 0};
    %end;
    .thread T_1;
# The file index is used to find the file name in the following table.
:file_names 4;
    "N/A";
    "<interactive>";
    "test_bench.v";
    "mymodule.v";
