#! /usr/local/bin/vvp
:ivl_version "10.1 (stable)" "(v10_1-97-g480fb0b4-dirty)";
:ivl_delay_selection "TYPICAL";
:vpi_time_precision - 9;
:vpi_module "system";
:vpi_module "vhdl_sys";
:vpi_module "v2005_math";
:vpi_module "va_math";
S_0x5626f16b7720 .scope module, "TestBench" "TestBench" 2 2;
 .timescale -9 -9;
v0x5626f16d6c80_0 .var "X", 2 0;
v0x5626f16d6d40_0 .var "Y", 1 0;
v0x5626f16d6e50_0 .net "Z", 0 0, v0x5626f16d5dc0_0;  1 drivers
v0x5626f16d6f40_0 .var "x_c", 2 0;
v0x5626f16d7000_0 .var "y_c", 1 0;
S_0x5626f16b78a0 .scope module, "my_decode_mux" "mycomponent" 2 10, 3 1 0, S_0x5626f16b7720;
 .timescale -9 -9;
    .port_info 0 /OUTPUT 1 "Z"
    .port_info 1 /INPUT 2 "Y"
    .port_info 2 /INPUT 3 "X"
L_0x5626f16d7130 .functor OR 1, L_0x5626f16d71c0, L_0x5626f16d7300, C4<0>, C4<0>;
L_0x5626f16d73f0 .functor OR 1, L_0x5626f16d7460, L_0x5626f16d7550, C4<0>, C4<0>;
L_0x5626f16d7620 .functor NOT 1, L_0x5626f16d7690, C4<0>, C4<0>, C4<0>;
L_0x5626f16d7780 .functor NOT 1, L_0x5626f16d7850, C4<0>, C4<0>, C4<0>;
L_0x5626f16d7980 .functor NOT 1, L_0x5626f16d7130, C4<0>, C4<0>, C4<0>;
v0x5626f16d5ee0_0 .net "X", 2 0, v0x5626f16d6c80_0;  1 drivers
v0x5626f16d5fd0_0 .net "Y", 1 0, v0x5626f16d6d40_0;  1 drivers
v0x5626f16d60a0_0 .net "Z", 0 0, v0x5626f16d5dc0_0;  alias, 1 drivers
v0x5626f16d61a0_0 .net *"_s12", 0 0, L_0x5626f16d7690;  1 drivers
v0x5626f16d6240_0 .net *"_s15", 0 0, L_0x5626f16d7850;  1 drivers
v0x5626f16d6350_0 .net *"_s2", 0 0, L_0x5626f16d71c0;  1 drivers
v0x5626f16d6430_0 .net *"_s4", 0 0, L_0x5626f16d7300;  1 drivers
v0x5626f16d6510_0 .net *"_s7", 0 0, L_0x5626f16d7460;  1 drivers
v0x5626f16d65f0_0 .net *"_s9", 0 0, L_0x5626f16d7550;  1 drivers
v0x5626f16d66d0_0 .net "d0_not", 0 0, L_0x5626f16d7620;  1 drivers
v0x5626f16d6790_0 .net "d0_or_d2", 0 0, L_0x5626f16d73f0;  1 drivers
v0x5626f16d6850_0 .net "d2_or_d3", 0 0, L_0x5626f16d7130;  1 drivers
v0x5626f16d6910_0 .net "d2_or_d3__not", 0 0, L_0x5626f16d7980;  1 drivers
v0x5626f16d69d0_0 .net "d3_not", 0 0, L_0x5626f16d7780;  1 drivers
v0x5626f16d6a90_0 .net "d_output", 3 0, v0x5626f16d5840_0;  1 drivers
v0x5626f16d6b50_0 .var "m_input", 7 0;
E_0x5626f16b7e70/0 .event edge, v0x5626f16d6850_0, v0x5626f16d66d0_0, v0x5626f16d6790_0, v0x5626f16d69d0_0;
E_0x5626f16b7e70/1 .event edge, v0x5626f16d5840_0, v0x5626f16d6910_0;
E_0x5626f16b7e70 .event/or E_0x5626f16b7e70/0, E_0x5626f16b7e70/1;
L_0x5626f16d71c0 .part v0x5626f16d5840_0, 2, 1;
L_0x5626f16d7300 .part v0x5626f16d5840_0, 3, 1;
L_0x5626f16d7460 .part v0x5626f16d5840_0, 0, 1;
L_0x5626f16d7550 .part v0x5626f16d5840_0, 2, 1;
L_0x5626f16d7690 .part v0x5626f16d5840_0, 0, 1;
L_0x5626f16d7850 .part v0x5626f16d5840_0, 3, 1;
S_0x5626f16800a0 .scope module, "decoded" "decoder_2_4" 3 13, 4 2 0, S_0x5626f16b78a0;
 .timescale -9 -9;
    .port_info 0 /OUTPUT 4 "Y"
    .port_info 1 /INPUT 2 "X"
v0x5626f1680270_0 .net "X", 1 0, v0x5626f16d6d40_0;  alias, 1 drivers
v0x5626f16d5840_0 .var "Y", 3 0;
E_0x5626f16b9730 .event edge, v0x5626f1680270_0;
S_0x5626f16d5980 .scope module, "muxed" "mux_8_1" 3 25, 5 2 0, S_0x5626f16b78a0;
 .timescale -9 -9;
    .port_info 0 /OUTPUT 1 "Y"
    .port_info 1 /INPUT 8 "X"
    .port_info 2 /INPUT 3 "S"
v0x5626f16d5be0_0 .net "S", 2 0, v0x5626f16d6c80_0;  alias, 1 drivers
v0x5626f16d5ce0_0 .net "X", 7 0, v0x5626f16d6b50_0;  1 drivers
v0x5626f16d5dc0_0 .var "Y", 0 0;
E_0x5626f16bdfa0 .event edge, v0x5626f16d5be0_0, v0x5626f16d5ce0_0;
    .scope S_0x5626f16800a0;
T_0 ;
    %wait E_0x5626f16b9730;
    %load/vec4 v0x5626f1680270_0;
    %dup/vec4;
    %pushi/vec4 0, 0, 2;
    %cmp/u;
    %jmp/1 T_0.0, 6;
    %dup/vec4;
    %pushi/vec4 1, 0, 2;
    %cmp/u;
    %jmp/1 T_0.1, 6;
    %dup/vec4;
    %pushi/vec4 2, 0, 2;
    %cmp/u;
    %jmp/1 T_0.2, 6;
    %pushi/vec4 8, 0, 4;
    %assign/vec4 v0x5626f16d5840_0, 0;
    %jmp T_0.4;
T_0.0 ;
    %pushi/vec4 1, 0, 4;
    %assign/vec4 v0x5626f16d5840_0, 0;
    %jmp T_0.4;
T_0.1 ;
    %pushi/vec4 2, 0, 4;
    %assign/vec4 v0x5626f16d5840_0, 0;
    %jmp T_0.4;
T_0.2 ;
    %pushi/vec4 4, 0, 4;
    %assign/vec4 v0x5626f16d5840_0, 0;
    %jmp T_0.4;
T_0.4 ;
    %pop/vec4 1;
    %jmp T_0;
    .thread T_0, $push;
    .scope S_0x5626f16d5980;
T_1 ;
    %wait E_0x5626f16bdfa0;
    %load/vec4 v0x5626f16d5be0_0;
    %dup/vec4;
    %pushi/vec4 0, 0, 3;
    %cmp/u;
    %jmp/1 T_1.0, 6;
    %dup/vec4;
    %pushi/vec4 1, 0, 3;
    %cmp/u;
    %jmp/1 T_1.1, 6;
    %dup/vec4;
    %pushi/vec4 2, 0, 3;
    %cmp/u;
    %jmp/1 T_1.2, 6;
    %dup/vec4;
    %pushi/vec4 3, 0, 3;
    %cmp/u;
    %jmp/1 T_1.3, 6;
    %dup/vec4;
    %pushi/vec4 4, 0, 3;
    %cmp/u;
    %jmp/1 T_1.4, 6;
    %dup/vec4;
    %pushi/vec4 5, 0, 3;
    %cmp/u;
    %jmp/1 T_1.5, 6;
    %dup/vec4;
    %pushi/vec4 6, 0, 3;
    %cmp/u;
    %jmp/1 T_1.6, 6;
    %load/vec4 v0x5626f16d5ce0_0;
    %parti/s 1, 7, 4;
    %assign/vec4 v0x5626f16d5dc0_0, 0;
    %jmp T_1.8;
T_1.0 ;
    %load/vec4 v0x5626f16d5ce0_0;
    %parti/s 1, 0, 2;
    %assign/vec4 v0x5626f16d5dc0_0, 0;
    %jmp T_1.8;
T_1.1 ;
    %load/vec4 v0x5626f16d5ce0_0;
    %parti/s 1, 1, 2;
    %assign/vec4 v0x5626f16d5dc0_0, 0;
    %jmp T_1.8;
T_1.2 ;
    %load/vec4 v0x5626f16d5ce0_0;
    %parti/s 1, 2, 3;
    %assign/vec4 v0x5626f16d5dc0_0, 0;
    %jmp T_1.8;
T_1.3 ;
    %load/vec4 v0x5626f16d5ce0_0;
    %parti/s 1, 3, 3;
    %assign/vec4 v0x5626f16d5dc0_0, 0;
    %jmp T_1.8;
T_1.4 ;
    %load/vec4 v0x5626f16d5ce0_0;
    %parti/s 1, 4, 4;
    %assign/vec4 v0x5626f16d5dc0_0, 0;
    %jmp T_1.8;
T_1.5 ;
    %load/vec4 v0x5626f16d5ce0_0;
    %parti/s 1, 5, 4;
    %assign/vec4 v0x5626f16d5dc0_0, 0;
    %jmp T_1.8;
T_1.6 ;
    %load/vec4 v0x5626f16d5ce0_0;
    %parti/s 1, 6, 4;
    %assign/vec4 v0x5626f16d5dc0_0, 0;
    %jmp T_1.8;
T_1.8 ;
    %pop/vec4 1;
    %jmp T_1;
    .thread T_1, $push;
    .scope S_0x5626f16b78a0;
T_2 ;
    %wait E_0x5626f16b7e70;
    %load/vec4 v0x5626f16d6850_0;
    %ix/load 4, 0, 0;
    %ix/load 5, 0, 0;
    %flag_set/imm 4, 0;
    %assign/vec4/off/d v0x5626f16d6b50_0, 4, 5;
    %load/vec4 v0x5626f16d66d0_0;
    %ix/load 4, 1, 0;
    %ix/load 5, 0, 0;
    %flag_set/imm 4, 0;
    %assign/vec4/off/d v0x5626f16d6b50_0, 4, 5;
    %load/vec4 v0x5626f16d6790_0;
    %ix/load 4, 2, 0;
    %ix/load 5, 0, 0;
    %flag_set/imm 4, 0;
    %assign/vec4/off/d v0x5626f16d6b50_0, 4, 5;
    %load/vec4 v0x5626f16d69d0_0;
    %ix/load 4, 3, 0;
    %ix/load 5, 0, 0;
    %flag_set/imm 4, 0;
    %assign/vec4/off/d v0x5626f16d6b50_0, 4, 5;
    %load/vec4 v0x5626f16d6a90_0;
    %parti/s 1, 3, 3;
    %ix/load 4, 4, 0;
    %ix/load 5, 0, 0;
    %flag_set/imm 4, 0;
    %assign/vec4/off/d v0x5626f16d6b50_0, 4, 5;
    %load/vec4 v0x5626f16d69d0_0;
    %ix/load 4, 5, 0;
    %ix/load 5, 0, 0;
    %flag_set/imm 4, 0;
    %assign/vec4/off/d v0x5626f16d6b50_0, 4, 5;
    %pushi/vec4 0, 0, 1;
    %ix/load 4, 6, 0;
    %flag_set/imm 4, 0;
    %store/vec4 v0x5626f16d6b50_0, 4, 1;
    %load/vec4 v0x5626f16d6910_0;
    %ix/load 4, 7, 0;
    %ix/load 5, 0, 0;
    %flag_set/imm 4, 0;
    %assign/vec4/off/d v0x5626f16d6b50_0, 4, 5;
    %jmp T_2;
    .thread T_2, $push;
    .scope S_0x5626f16b7720;
T_3 ;
    %vpi_call 2 13 "$dumpfile", "TimingDiagram.vcd" {0 0 0};
    %vpi_call 2 14 "$dumpvars", 32'sb00000000000000000000000000000000, v0x5626f16d6e50_0, v0x5626f16d6d40_0, v0x5626f16d6c80_0 {0 0 0};
    %pushi/vec4 0, 0, 2;
    %store/vec4 v0x5626f16d7000_0, 0, 2;
    %pushi/vec4 4, 0, 32;
T_3.0 %dup/vec4;
    %pushi/vec4 0, 0, 32;
    %cmp/s;
    %jmp/1xz T_3.1, 5;
    %jmp/1 T_3.1, 4;
    %pushi/vec4 1, 0, 32;
    %sub;
    %load/vec4 v0x5626f16d7000_0;
    %store/vec4 v0x5626f16d6d40_0, 0, 2;
    %pushi/vec4 0, 0, 3;
    %store/vec4 v0x5626f16d6f40_0, 0, 3;
    %pushi/vec4 8, 0, 32;
T_3.2 %dup/vec4;
    %pushi/vec4 0, 0, 32;
    %cmp/s;
    %jmp/1xz T_3.3, 5;
    %jmp/1 T_3.3, 4;
    %pushi/vec4 1, 0, 32;
    %sub;
    %load/vec4 v0x5626f16d6f40_0;
    %store/vec4 v0x5626f16d6c80_0, 0, 3;
    %load/vec4 v0x5626f16d6f40_0;
    %addi 1, 0, 3;
    %store/vec4 v0x5626f16d6f40_0, 0, 3;
    %delay 20, 0;
    %jmp T_3.2;
T_3.3 ;
    %pop/vec4 1;
    %load/vec4 v0x5626f16d7000_0;
    %addi 1, 0, 2;
    %store/vec4 v0x5626f16d7000_0, 0, 2;
    %jmp T_3.0;
T_3.1 ;
    %pop/vec4 1;
    %vpi_call 2 37 "$finish" {0 0 0};
    %end;
    .thread T_3;
# The file index is used to find the file name in the following table.
:file_names 6;
    "N/A";
    "<interactive>";
    "test_bench.v";
    "my_component.v";
    "decoder_2_4.v";
    "mux_8_1.v";
