70 99
0 28
1 87
2 27
3 87
3 6
3 11
3 24
3 65
3 91
4 7
4 5
4 9
4 13
4 50
4 71
5 18
5 42
5 58
5 78
7 87
7 16
7 60
7 66
7 75
7 85
7 97
7 98
8 75
9 21
10 25
11 33
11 40
11 46
11 55
11 94
12 41
14 23
15 44
17 46
19 56
20 84
22 93
23 60
23 29
25 99
26 96
27 39
27 43
27 48
27 64
27 67
27 87
28 39
30 39
31 96
32 60
34 61
35 56
36 92
37 96
38 39
39 95
39 99
41 88
41 63
41 76
44 83
44 90
45 74
46 47
46 69
49 56
51 98
52 75
53 91
54 87
56 60
56 61
56 80
56 82
56 83
57 61
59 83
60 74
60 84
60 96
62 96
63 70
68 88
72 96
73 83
74 81
77 96
79 87
86 99
87 88
87 89
92 99
93 99
56 75
0 66
1 66
2 67
3 13
4 50
5 13
6 41
7 66
8 14
9 27
9 33
9 50
9 71
10 50
11 68
12 53
13 15
13 25
13 48
13 49
13 66
13 67
13 74
14 70
14 37
14 46
14 54
14 61
14 72
14 73
15 70
15 27
15 30
15 68
16 50
17 50
18 66
19 66
20 50
21 33
22 27
23 66
24 33
26 63
27 42
27 60
28 49
29 66
29 55
31 65
32 56
33 43
33 59
33 69
34 67
35 68
36 42
38 68
39 65
40 42
40 51
41 70
42 62
42 63
42 64
44 65
45 63
47 65
52 53
53 66
56 65
57 68
58 68
65 70
65 75
71 92
0 62
0 18
1 15
2 88
3 66
4 47
4 19
4 34
4 42
5 62
6 35
7 68
7 77
8 13
9 50
10 86
11 37
12 13
12 43
12 46
12 47
12 50
12 51
12 53
12 80
13 66
13 25
13 36
13 54
13 76
13 88
14 50
15 91
15 38
16 88
17 88
20 88
21 47
22 88
23 88
24 91
26 44
27 44
28 62
29 50
30 66
31 90
32 61
33 35
35 66
37 86
37 69
37 83
39 66
40 46
41 66
44 91
44 86
45 50
46 72
47 55
47 82
48 61
49 68
50 58
50 62
50 68
50 81
50 92
52 83
56 88
57 68
59 86
60 91
61 64
61 66
61 75
61 89
62 70
62 71
62 87
62 91
63 91
65 88
65 74
65 84
66 67
68 79
73 86
78 91
85 88
88 90
61 85
0 40
1 54
1 6
1 13
1 76
2 26
2 23
2 39
2 60
2 63
3 35
4 22
5 26
7 46
8 54
9 40
10 46
10 75
11 39
12 57
14 24
15 82
16 82
17 57
18 53
19 82
19 41
19 73
19 85
20 54
21 74
22 53
22 24
22 31
22 55
24 26
24 45
24 46
24 47
24 69
24 83
25 39
27 74
27 66
28 30
29 39
30 82
30 35
30 48
30 54
30 78
31 59
32 44
33 64
34 41
36 85
37 53
38 54
39 61
39 68
40 84
40 44
40 51
40 79
42 82
43 54
44 81
46 62
46 71
46 72
46 82
49 74
50 84
52 54
53 74
54 77
56 82
57 74
58 74
58 67
64 82
65 74
70 84
74 84
80 84
65 97
0 88
1 20
2 67
3 44
3 54
4 77
5 14
6 89
7 15
8 73
9 18
9 59
10 78
10 20
10 21
11 93
12 73
13 69
13 19
13 57
13 63
13 68
14 93
14 15
14 37
14 39
14 42
14 56
14 70
15 43
15 91
15 92
16 93
17 26
18 67
18 88
18 93
20 51
22 78
23 83
23 89
24 28
25 77
26 70
26 44
26 45
26 49
26 76
27 69
28 49
28 66
29 46
30 46
31 72
32 47
33 88
34 78
35 88
35 61
35 94
36 67
38 46
40 93
41 43
44 80
46 75
47 77
47 52
47 60
47 72
48 83
49 74
49 95
50 67
53 75
55 56
58 69
62 88
64 78
65 83
67 77
67 83
69 75
69 78
70 75
70 84
71 88
73 75
75 81
76 86
77 85
77 97
79 87
82 93
87 91
87 90
88 96
58 88
0 62
1 12
2 51
3 81
4 16
5 20
6 57
6 29
6 35
6 40
6 80
7 77
7 68
8 42
9 16
10 71
11 77
11 82
12 57
12 70
13 30
14 47
15 77
15 17
15 76
16 57
16 23
16 39
16 43
16 51
16 75
18 82
19 69
19 31
19 57
19 81
19 84
19 86
20 48
20 21
20 36
22 77
24 77
25 58
25 62
25 69
26 62
27 46
28 31
29 59
30 81
30 55
30 67
31 73
32 36
33 81
34 63
35 66
36 37
36 78
36 85
38 62
40 45
41 61
42 56
44 56
46 47
47 61
47 48
48 71
48 72
48 83
49 81
50 77
51 74
51 87
52 61
52 54
53 62
56 61
57 79
60 69
61 69
61 64
61 77
62 88
63 69
65 81
72 90
0 26
1 40
2 47
3 47
4 69
5 43
6 63
6 31
6 64
6 65
6 87
7 63
7 19
7 22
7 39
7 88
8 51
9 20
10 40
11 40
12 48
13 63
14 50
15 26
16 37
17 40
18 63
18 55
20 46
20 28
20 49
20 60
20 67
20 68
20 86
20 89
21 43
23 26
24 47
25 26
26 33
26 46
26 56
26 63
26 81
26 84
27 50
29 51
30 44
32 36
34 85
35 44
36 46
36 37
36 45
36 59
36 70
36 75
38 44
40 46
40 61
40 77
41 43
42 54
43 46
43 76
44 46
44 66
44 73
46 47
46 48
46 50
46 51
46 69
47 79
48 62
50 72
50 82
50 83
51 52
51 57
51 71
51 90
53 63
54 63
58 63
63 74
63 78
63 85
69 80
66 87
0 27
1 83
2 31
3 60
4 22
4 8
4 59
4 77
5 61
6 54
7 81
7 18
7 27
7 37
7 41
7 60
7 76
9 27
10 76
11 71
12 41
13 60
14 29
14 56
15 18
16 22
17 22
17 20
17 23
18 24
18 47
18 69
18 72
18 73
18 79
19 31
21 76
22 81
22 44
22 50
22 54
22 62
22 65
25 60
26 50
27 38
27 52
27 68
28 44
29 81
29 33
29 40
29 55
29 61
29 71
30 61
31 81
31 58
32 53
34 63
35 83
36 83
39 53
41 45
41 51
41 70
42 83
43 53
46 83
48 50
49 53
50 66
53 81
53 64
53 80
57 62
61 82
63 81
63 75
63 78
63 84
63 86
67 83
74 76
81 83
81 85
81 87
64 81
0 23
1 57
2 76
3 10
3 11
3 16
3 23
3 25
3 42
3 66
3 80
4 37
4 61
5 57
5 79
6 70
7 77
8 73
9 42
10 22
10 32
10 37
10 43
10 57
10 62
10 72
10 73
10 76
10 77
12 76
13 58
14 37
14 46
14 56
14 58
15 77
17 23
18 77
19 72
20 76
21 73
23 29
24 77
25 33
25 60
26 73
27 62
28 76
30 37
31 57
31 64
34 57
35 72
36 72
37 41
37 45
37 48
37 75
38 57
39 57
40 76
44 62
47 73
49 73
50 76
51 72
52 62
53 77
54 72
55 57
57 78
59 72
62 67
62 69
62 81
63 72
65 73
68 76
70 73
71 72
74 76
66 93
0 45
1 15
1 46
1 63
2 32
3 79
4 59
5 6
6 11
6 20
6 24
6 47
6 49
7 79
8 15
9 65
10 45
11 17
11 56
11 60
11 69
11 70
11 78
11 93
12 45
12 43
12 62
13 15
13 77
14 56
15 17
15 59
15 68
15 90
16 90
17 32
17 39
17 45
17 65
17 79
17 87
18 87
19 32
21 87
21 71
22 93
23 90
25 69
25 76
26 27
27 39
27 40
28 56
29 45
30 65
31 78
32 52
32 74
33 60
34 45
35 56
36 78
37 68
38 78
39 75
39 84
39 88
39 89
41 69
42 79
44 65
45 51
45 66
48 60
50 53
53 93
54 70
55 79
56 83
57 70
58 75
61 90
64 69
65 82
65 91
67 79
70 86
72 79
73 93
75 92
78 81
80 82
85 87
67 79
0 76
1 37
2 68
3 78
4 67
4 62
5 67
6 68
7 30
7 65
8 78
9 30
10 67
11 68
12 30
12 41
12 49
13 30
13 63
14 67
14 18
15 67
16 30
17 67
19 67
20 68
21 68
22 37
23 78
24 68
25 78
26 75
27 78
28 67
29 67
30 37
30 33
30 42
30 45
30 47
30 59
30 64
30 75
30 76
30 77
31 78
32 37
34 37
35 37
36 78
37 55
37 56
37 61
37 67
37 68
37 70
37 74
37 78
38 45
39 78
40 68
43 68
44 68
46 78
48 68
50 78
51 67
52 78
53 67
54 68
57 78
58 78
60 68
66 68
67 69
67 73
67 79
68 71
72 78
10 19
0 4
0 1
2 19
2 11
3 16
3 10
3 13
4 7
5 6
6 9
6 18
7 9
7 17
7 19
8 15
9 14
9 15
12 15
16 19
98 99
0 98
1 98
2 98
3 98
4 98
5 98
6 98
7 98
8 98
9 98
10 98
11 98
12 98
13 98
14 98
15 98
16 98
17 98
18 98
19 98
20 98
21 98
22 98
23 98
24 98
25 98
26 98
27 98
28 98
29 98
30 98
31 98
32 98
33 98
34 98
35 98
36 98
37 98
38 98
39 98
40 98
41 98
42 98
43 98
44 98
45 98
46 98
47 98
48 98
49 98
50 99
51 99
52 99
53 99
54 99
55 99
56 99
57 99
58 99
59 99
60 99
61 99
62 99
63 99
64 99
65 99
66 99
67 99
68 99
69 99
70 99
71 99
72 99
73 99
74 99
75 99
76 99
77 99
78 99
79 99
80 99
81 99
82 99
83 99
84 99
85 99
86 99
87 99
88 99
89 99
90 99
91 99
92 99
93 99
94 99
95 99
96 99
97 99
98 99
97 99
0 1
0 2
0 3
0 4
0 5
0 6
0 7
0 8
0 9
0 10
0 11
0 12
0 13
0 14
0 15
0 16
0 17
0 18
0 19
0 20
0 21
0 22
0 23
0 24
0 25
0 26
0 27
0 28
0 29
0 30
0 31
0 32
0 33
0 34
0 35
0 99
36 99
37 99
38 99
39 99
40 99
41 99
42 99
43 99
44 99
45 99
46 99
47 99
48 99
49 99
50 99
51 99
52 99
53 99
54 99
55 99
56 99
57 99
58 99
59 99
60 99
61 99
62 99
63 64
64 99
64 65
64 66
64 67
64 68
64 69
64 70
64 71
64 72
64 73
64 74
64 75
64 76
64 77
64 78
64 79
64 80
64 81
64 82
64 83
64 84
64 85
64 86
64 87
64 88
64 89
64 90
64 91
64 92
64 93
64 94
95 99
96 99
97 99
98 99
90 93
0 61
1 91
2 91
3 91
4 91
5 91
6 91
7 91
8 91
9 91
10 91
11 91
12 91
13 91
14 91
15 91
16 92
17 92
18 92
19 92
20 92
21 92
22 92
23 92
24 92
25 92
26 92
27 92
28 92
29 92
30 92
31 92
32 92
33 92
34 92
35 92
36 92
37 92
38 92
39 92
40 92
41 92
42 92
43 92
44 92
45 92
46 93
47 93
48 93
49 93
50 93
51 93
52 93
53 93
54 93
55 93
56 93
57 93
58 93
59 93
60 93
61 91
62 91
63 91
64 91
65 91
66 91
67 91
68 91
69 91
70 91
71 91
72 91
73 91
74 91
75 91
76 93
77 93
78 93
79 93
80 93
81 93
82 93
83 93
84 93
85 93
86 93
87 93
88 93
89 93
90 93
91 92
92 93
71 99
0 45
1 16
2 51
2 22
2 70
2 91
3 99
4 26
5 26
5 78
6 74
7 74
8 66
9 14
10 48
11 48
12 43
13 57
14 30
14 32
14 41
14 46
14 51
14 83
15 51
15 61
15 63
16 51
16 31
16 38
16 53
16 54
16 68
16 71
16 86
17 90
18 43
19 57
20 76
21 85
23 26
24 48
25 48
26 51
26 27
26 34
26 39
26 45
26 88
26 89
26 90
28 99
29 43
31 33
31 95
35 74
36 76
36 65
37 97
40 68
42 90
43 92
43 56
43 62
44 85
47 49
47 77
48 51
48 49
48 64
48 72
50 74
50 79
50 85
51 74
51 76
51 93
51 96
51 97
52 74
55 90
57 74
57 69
58 97
59 71
59 67
60 74
66 68
68 82
68 92
68 99
71 73
71 75
71 94
74 84
80 88
81 93
87 90
88 98
75 99
0 5
0 29
0 37
0 56
0 82
0 91
0 93
1 26
1 4
1 8
1 12
1 23
1 27
1 79
1 81
1 95
2 76
3 10
5 26
5 11
5 31
5 34
5 45
5 55
5 58
5 72
5 83
6 12
6 69
6 85
6 88
7 12
7 41
8 10
8 13
8 28
8 30
8 54
8 63
8 64
8 76
8 99
9 79
10 20
10 49
11 21
11 25
11 36
11 48
11 80
12 32
12 39
12 47
12 74
12 84
13 17
13 38
13 70
14 79
15 42
16 64
18 83
19 63
22 79
22 68
23 89
24 76
25 87
26 42
26 52
26 57
26 61
26 62
26 75
26 92
26 98
31 86
33 72
35 58
40 63
43 63
44 72
46 58
50 76
51 58
52 97
53 79
58 65
58 73
59 95
60 95
64 96
66 95
67 95
71 72
76 78
77 79
90 95
94 95
68 99
0 10
1 45
2 59
3 59
3 38
3 58
4 86
5 60
5 9
5 45
5 46
5 65
5 87
5 93
5 96
5 99
6 97
7 60
7 27
7 40
7 55
7 85
7 94
8 41
9 20
9 52
10 60
10 41
10 70
10 71
10 74
10 95
11 61
12 61
13 61
14 47
15 59
16 95
17 47
18 55
19 64
21 54
21 29
22 60
23 61
24 54
24 49
25 62
26 60
28 61
30 61
31 73
32 79
33 97
34 78
35 47
36 50
37 54
39 71
42 87
43 86
44 64
45 68
46 80
47 73
48 79
50 65
51 98
53 79
54 64
54 88
54 92
56 96
56 66
57 59
59 60
59 75
59 84
60 64
60 61
60 73
60 86
60 97
62 73
63 96
64 72
64 77
64 83
64 91
67 96
69 81
76 81
78 86
79 87
81 86
81 82
86 90
89 97
97 98
66 99
0 29
0 43
0 94
43 6
1 11
1 21
1 25
1 45
1 52
1 65
1 67
1 70
1 72
1 95
11 16
11 57
11 73
11 84
11 91
21 3
21 37
21 38
21 55
25 4
25 8
45 7
45 41
67 14
95 2
2 63
2 92
2 97
3 6
3 26
3 51
3 56
3 62
3 75
6 17
6 40
6 53
6 88
56 28
75 15
4 9
4 19
4 89
4 98
9 18
9 27
9 30
9 42
9 77
9 81
19 13
19 60
19 64
5 10
5 12
5 17
5 20
5 33
5 39
5 44
5 71
5 85
5 93
5 96
10 76
10 99
12 34
12 59
12 90
17 66
17 74
17 86
33 54
7 23
8 31
8 82
34 32
34 35
59 69
13 58
13 68
13 78
14 24
14 48
24 22
15 46
15 61
15 83
22 36
22 47
22 87
32 79
41 49
41 80
49 50
70 99
0 2
0 19
0 38
0 43
0 58
0 90
1 46
2 13
2 20
2 35
2 45
2 64
3 4
4 96
4 5
4 12
4 16
4 24
4 39
4 59
4 67
6 42
6 81
7 67
8 62
9 42
10 27
10 22
11 19
11 18
11 75
11 98
14 19
15 23
17 74
19 33
19 47
19 48
19 57
19 96
19 97
19 99
21 66
23 96
23 41
23 84
23 93
25 48
26 80
27 48
27 66
27 74
27 76
27 95
28 48
29 38
29 77
30 46
31 67
32 62
33 79
34 81
36 47
37 74
40 97
40 72
42 96
42 61
42 62
42 87
42 92
44 74
46 96
46 69
48 54
48 71
48 89
48 91
49 91
50 52
51 54
52 96
52 65
52 70
52 73
52 85
53 80
55 80
56 91
60 91
63 74
65 82
66 83
68 91
78 81
80 96
81 86
88 90
91 94
70 99
0 18
0 21
0 28
0 32
0 44
0 76
0 78
0 82
18 5
18 33
18 79
21 51
21 56
28 55
28 86
1 15
1 27
1 42
1 62
1 67
1 75
62 3
2 9
2 30
2 57
2 59
2 97
9 35
9 39
9 46
9 61
9 71
57 3
57 63
3 5
3 22
3 36
3 47
3 68
3 99
5 4
5 43
5 65
5 95
5 96
36 69
4 7
4 11
4 66
4 72
4 91
4 93
7 14
7 19
7 25
7 52
7 81
11 8
11 16
11 88
11 94
43 6
6 12
6 89
14 20
14 40
14 41
14 85
19 10
19 80
8 17
8 50
8 73
8 83
17 23
17 74
17 90
39 87
10 26
10 37
10 58
10 60
26 38
16 13
16 29
16 54
13 31
13 45
13 48
13 98
20 34
20 77
29 49
23 24
23 64
23 70
23 84
23 92
64 53
67 99
0 37
1 76
2 22
2 20
3 17
4 79
5 60
6 94
7 14
8 28
8 9
8 74
8 88
10 37
11 21
11 18
11 44
12 36
13 55
14 27
14 25
14 43
14 78
15 35
16 35
17 28
17 69
19 80
20 87
21 26
21 86
22 23
22 28
22 32
22 48
22 61
22 77
22 82
22 85
22 96
23 34
23 24
23 50
23 52
23 58
23 59
23 71
23 91
26 28
26 33
26 46
26 65
26 72
27 81
27 99
28 35
28 36
28 37
28 42
28 55
28 76
28 80
29 49
30 96
31 37
34 81
34 53
34 60
34 63
34 75
34 79
34 89
34 95
34 98
35 66
35 73
35 93
37 83
37 84
38 81
39 80
40 75
40 70
41 63
45 61
47 55
49 51
50 51
54 75
55 92
56 61
57 79
61 94
62 81
64 65
67 69
68 81
75 90
75 97
72 99
0 31
1 63
1 30
2 39
2 4
2 29
2 49
2 96
3 14
5 24
5 19
5 41
5 46
5 71
5 84
5 86
5 95
5 97
6 39
6 17
7 61
7 8
7 36
9 67
10 99
11 61
12 63
12 37
13 64
13 18
13 42
13 44
13 91
13 92
14 59
14 27
14 53
14 61
14 64
14 68
14 81
15 68
16 20
20 39
20 70
21 46
22 67
23 39
24 57
24 38
24 39
24 40
24 59
24 62
24 78
25 57
26 82
28 40
31 32
32 40
32 51
33 40
34 57
35 46
39 52
39 72
40 50
40 56
40 75
43 46
43 94
43 98
45 57
46 79
46 88
47 57
48 61
54 82
55 59
57 67
57 89
57 90
57 99
58 61
59 73
59 83
59 93
60 67
61 85
62 77
63 64
64 66
64 69
64 74
64 80
64 82
65 66
68 76
69 87
99 99
0 99
1 99
2 99
3 99
4 99
5 99
6 99
7 99
8 99
9 99
10 99
11 99
12 99
13 99
14 99
15 99
16 99
17 99
18 99
19 99
20 99
21 99
22 99
23 99
24 99
25 99
26 99
27 99
28 99
29 99
30 99
31 99
32 99
33 99
34 99
35 99
36 99
37 99
38 99
39 99
40 99
41 99
42 99
43 99
44 99
45 99
46 99
47 99
48 99
49 99
50 99
51 99
52 99
53 99
54 99
55 99
56 99
57 99
58 99
59 99
60 99
61 99
62 99
63 99
64 99
65 99
66 99
67 99
68 99
69 99
70 99
71 99
72 99
73 99
74 99
75 99
76 99
77 99
78 99
79 99
80 99
81 99
82 99
83 99
84 99
85 99
86 99
87 99
88 99
89 99
90 99
91 99
92 99
93 99
94 99
95 99
96 99
97 99
98 99
98 99
0 98
1 98
2 98
3 98
4 98
5 98
6 98
7 98
8 98
9 98
10 98
11 98
12 98
13 98
14 98
15 98
16 98
17 98
18 98
19 98
20 98
21 98
22 98
23 98
24 98
25 98
26 98
27 98
28 98
29 98
30 98
31 98
32 98
33 98
34 98
35 98
36 98
37 98
38 98
39 98
40 98
41 98
42 98
43 98
44 98
45 98
46 98
47 98
48 98
49 98
50 99
51 99
52 99
53 99
54 99
55 99
56 99
57 99
58 99
59 99
60 99
61 99
62 99
63 99
64 99
65 99
66 99
67 99
68 99
69 99
70 99
71 99
72 99
73 99
74 99
75 99
76 99
77 99
78 99
79 99
80 99
81 99
82 99
83 99
84 99
85 99
86 99
87 99
88 99
89 99
90 99
91 99
92 99
93 99
94 99
95 99
96 99
97 99
98 99
96 99
0 80
1 80
2 79
3 80
4 75
5 80
5 7
5 15
5 23
5 40
5 44
5 54
5 55
5 58
5 59
5 61
5 62
5 81
5 87
5 91
5 92
5 94
6 80
8 80
9 75
10 79
11 79
12 80
13 79
14 79
16 80
17 80
18 79
19 79
20 79
21 80
22 79
24 80
25 79
26 80
27 79
28 80
29 79
30 80
31 79
32 79
33 80
34 75
35 80
36 80
37 80
38 80
39 79
41 80
42 79
43 79
45 79
46 80
47 79
48 79
49 79
50 80
51 80
52 79
53 79
56 75
57 79
60 80
63 80
64 79
65 79
66 80
67 79
68 79
69 75
70 80
71 80
72 79
73 80
74 79
75 80
75 89
75 97
76 79
77 80
78 80
79 80
79 82
79 83
79 84
79 85
79 86
79 88
79 90
79 95
79 96
80 93
80 98
80 99
96 99
0 4
1 4
2 4
2 12
2 16
2 17
2 19
2 20
2 25
2 27
2 33
2 34
2 40
2 43
2 44
2 54
2 58
2 63
2 64
2 68
2 71
2 79
2 81
2 83
2 84
2 86
2 89
2 93
2 95
2 97
3 95
4 5
4 9
4 13
4 28
4 50
4 52
4 53
4 59
4 61
4 62
4 69
4 73
4 76
4 77
4 80
4 90
4 94
6 64
7 95
8 95
10 95
11 95
14 95
15 95
18 95
21 95
22 64
23 95
24 95
26 95
29 64
30 95
31 95
32 95
35 95
36 64
37 95
38 95
39 64
41 64
42 64
45 95
46 95
47 95
48 95
49 95
51 95
55 95
56 95
57 95
60 64
64 70
64 78
64 85
64 87
64 96
65 95
66 95
67 95
72 95
74 95
75 95
82 95
88 95
91 95
92 95
95 98
95 99
95 99
0 36
1 53
2 36
3 82
4 36
5 53
6 89
7 36
8 82
9 36
10 53
11 36
12 36
13 82
14 82
15 22
16 36
17 36
18 36
19 82
20 36
21 22
22 53
22 25
22 30
22 35
22 46
22 70
22 82
22 88
22 89
23 89
24 36
26 89
27 82
28 53
29 36
31 53
32 36
33 82
34 36
36 37
36 38
36 39
36 40
36 42
36 45
36 48
36 49
36 50
36 52
36 53
36 54
36 61
36 62
36 65
36 66
36 67
36 69
36 71
36 75
36 76
36 77
36 78
36 79
36 83
36 84
36 87
36 91
36 92
36 93
36 94
36 95
36 96
36 97
36 98
36 99
41 82
43 53
44 53
47 53
51 89
53 55
53 56
53 57
53 63
53 68
53 72
53 81
53 85
53 86
58 82
59 82
60 82
64 82
73 82
74 89
80 82
89 90
96 99
0 30
1 31
2 49
3 31
4 35
5 31
6 35
7 31
8 35
9 35
10 30
11 49
12 35
13 49
14 30
15 31
16 35
17 31
18 35
19 35
20 35
21 30
22 35
23 31
24 35
25 30
26 35
27 35
28 35
29 31
30 35
30 51
30 55
30 59
30 63
30 65
30 66
30 69
30 74
30 77
30 83
30 89
30 94
30 98
31 35
31 34
31 38
31 49
31 60
31 61
31 72
31 81
31 87
31 91
31 93
32 35
33 35
35 37
35 39
35 40
35 41
35 42
35 43
35 44
35 45
35 46
35 47
35 48
35 50
35 52
35 53
35 54
35 56
35 57
35 58
35 62
35 64
35 67
35 68
35 70
35 71
35 73
35 75
35 76
35 78
35 79
35 80
35 82
35 84
35 85
35 86
35 88
35 90
35 92
35 95
35 96
35 97
36 49
49 99
96 99
0 84
1 83
2 83
3 84
4 84
5 55
6 83
7 84
8 84
9 83
10 83
11 83
12 83
13 83
14 83
15 83
16 55
17 84
18 83
19 55
20 84
21 84
22 84
23 83
24 55
25 83
26 84
27 84
28 83
29 83
30 84
31 83
32 83
33 84
34 83
35 55
36 83
37 83
38 84
39 83
40 84
41 50
42 83
43 55
44 83
45 83
46 84
47 50
48 50
49 84
50 83
50 59
50 80
50 92
50 94
51 84
52 55
53 83
54 84
55 84
55 67
55 68
55 71
55 82
55 85
55 86
55 98
55 99
56 83
57 84
58 84
60 83
61 83
62 83
63 84
64 83
65 83
66 84
69 83
70 84
72 84
73 83
74 84
75 83
76 84
77 83
78 84
79 84
81 84
83 84
83 88
83 89
83 90
83 91
83 93
83 95
83 97
84 87
84 96
95 99
0 21
1 35
2 68
3 21
4 61
5 48
6 61
7 68
8 21
9 68
10 35
11 61
12 21
13 21
14 21
15 21
16 48
17 21
18 68
19 68
20 61
21 27
21 45
21 47
21 50
21 52
21 54
21 55
21 57
21 59
21 61
21 66
21 68
21 71
21 72
21 75
21 78
21 79
21 80
21 83
21 84
21 93
21 95
22 61
23 61
24 61
25 61
26 68
28 61
29 48
30 61
31 61
32 61
33 61
34 48
35 48
35 42
35 56
35 76
36 68
37 61
38 61
39 61
40 61
41 61
43 61
44 68
46 48
48 68
48 67
48 82
48 98
49 68
51 61
53 61
58 61
60 61
61 63
61 64
61 70
61 73
61 77
61 81
61 85
61 86
61 91
61 92
61 94
61 96
61 97
61 99
62 68
65 68
68 69
68 74
68 87
68 88
68 89
68 90
96 99
0 19
1 56
2 19
3 19
4 16
5 56
6 19
7 19
8 56
9 56
10 56
11 56
12 19
13 56
14 23
15 56
16 23
16 21
16 46
16 58
16 81
16 91
17 19
18 19
19 20
19 23
19 25
19 27
19 28
19 29
19 30
19 31
19 35
19 37
19 38
19 40
19 41
19 45
19 47
19 49
19 51
19 52
19 53
19 54
19 56
19 61
19 62
19 64
19 65
19 67
19 69
19 71
19 75
19 76
19 77
19 78
19 79
19 80
19 83
19 84
19 85
19 86
19 88
19 90
19 93
19 94
19 96
19 98
22 56
23 24
23 26
23 33
23 42
23 43
23 55
23 57
23 74
23 92
23 97
32 56
34 56
36 56
39 56
44 56
48 56
50 56
56 59
56 60
56 63
56 66
56 68
56 70
56 72
56 73
56 82
56 87
56 89
56 95
56 99
95 99
0 13
1 11
2 11
3 11
3 19
3 48
3 70
3 82
4 11
5 13
6 40
7 40
8 11
9 11
10 11
11 12
11 15
11 16
11 20
11 21
11 22
11 23
11 28
11 30
11 34
11 37
11 40
11 44
11 45
11 46
11 56
11 57
11 62
11 65
11 69
11 71
11 75
11 76
11 78
11 79
11 81
11 84
11 86
11 87
11 88
11 89
11 91
11 95
11 96
11 99
13 40
13 14
13 17
13 26
13 32
13 36
13 41
13 49
13 60
13 61
13 66
13 67
13 68
13 73
13 74
13 83
13 85
13 97
13 98
18 40
24 40
25 40
27 40
29 40
31 40
33 40
35 40
38 40
39 67
40 42
40 43
40 47
40 50
40 51
40 52
40 53
40 54
40 55
40 58
40 64
40 72
40 77
40 80
40 90
40 92
40 93
59 67
63 67
67 94
96 99
0 74
1 79
2 74
3 8
4 74
5 8
6 79
7 74
8 11
8 13
8 14
8 15
8 16
8 17
8 18
8 20
8 21
8 26
8 27
8 28
8 29
8 31
8 33
8 34
8 35
8 36
8 37
8 39
8 40
8 41
8 43
8 44
8 45
8 47
8 52
8 53
8 55
8 56
8 58
8 59
8 61
8 63
8 64
8 69
8 71
8 73
8 74
8 77
8 78
8 79
8 80
8 81
8 86
8 87
8 88
8 89
8 90
8 91
8 97
8 99
9 74
10 96
12 74
19 96
22 74
23 74
24 74
25 74
30 74
32 79
38 79
42 79
46 74
48 74
49 74
50 79
51 74
54 74
57 96
60 96
62 79
65 74
66 74
67 74
68 74
70 79
72 74
74 76
74 83
74 84
74 85
74 92
74 96
74 98
75 79
79 82
93 96
94 96
95 96
95 99
0 93
1 15
2 19
3 15
4 19
5 92
6 19
7 19
8 15
9 19
10 92
11 92
12 15
13 19
14 92
15 19
15 18
15 20
15 26
15 27
15 29
15 34
15 42
15 45
15 48
15 51
15 59
15 62
15 65
15 70
15 72
15 76
15 78
15 79
15 81
15 82
15 83
15 89
15 90
15 92
15 94
15 95
15 98
15 99
16 19
17 92
19 21
19 22
19 28
19 31
19 32
19 36
19 37
19 39
19 43
19 47
19 50
19 53
19 56
19 57
19 58
19 60
19 63
19 64
19 66
19 69
19 71
19 74
19 77
19 80
19 84
19 85
19 86
19 93
19 97
23 93
24 92
25 92
30 93
33 92
35 92
38 93
40 92
41 93
44 92
46 92
49 93
52 92
54 93
55 92
61 92
67 93
68 92
73 92
75 92
87 89
88 92
91 92
92 96
95 99
0 89
1 5
2 28
3 5
4 5
5 7
5 9
5 10
5 12
5 13
5 15
5 16
5 18
5 19
5 21
5 22
5 27
5 29
5 32
5 34
5 35
5 37
5 38
5 42
5 43
5 46
5 47
5 48
5 50
5 51
5 54
5 56
5 57
5 58
5 59
5 61
5 62
5 63
5 64
5 65
5 66
5 69
5 72
5 73
5 74
5 75
5 77
5 80
5 81
5 88
5 92
5 93
5 98
5 99
6 88
8 88
11 88
14 88
17 88
20 89
23 88
24 88
25 88
26 88
28 88
28 31
28 33
28 45
28 60
28 79
28 82
28 83
28 87
28 89
28 90
28 97
30 88
36 88
39 88
40 88
41 82
44 89
49 88
52 89
53 82
55 88
67 89
68 88
70 89
71 88
76 82
78 88
82 95
84 88
85 88
86 88
88 94
89 91
89 96
95 99
0 17
1 14
2 24
3 17
4 17
5 52
6 24
7 17
8 24
8 13
8 21
8 27
8 38
8 45
8 54
8 63
8 99
9 17
10 17
11 17
12 17
14 24
14 49
14 81
14 84
14 87
15 17
16 24
17 24
17 28
17 29
17 31
17 32
17 39
17 42
17 44
17 46
17 47
17 48
17 51
17 56
17 58
17 60
17 61
17 62
17 72
17 74
17 75
17 77
17 92
17 97
17 98
18 24
19 24
20 24
22 24
23 24
24 34
24 36
24 37
24 40
24 43
24 50
24 52
24 57
24 59
24 65
24 66
24 67
24 68
24 69
24 71
24 79
24 80
24 83
24 85
24 91
24 94
24 95
25 52
26 52
30 52
33 52
35 52
41 52
52 53
52 55
52 64
52 70
52 73
52 76
52 78
52 82
52 86
52 88
52 89
52 90
52 93
52 96
96 99
0 24
1 24
2 6
3 6
4 57
5 68
6 24
6 9
6 10
6 12
6 14
6 18
6 20
6 23
6 26
6 30
6 34
6 35
6 36
6 45
6 46
6 53
6 56
6 58
6 63
6 68
6 73
6 74
6 76
6 78
6 81
6 82
6 84
6 85
6 87
6 89
6 91
6 93
6 97
7 24
8 24
11 24
13 24
15 24
16 24
17 24
19 24
21 24
22 24
24 27
24 28
24 29
24 32
24 39
24 42
24 43
24 47
24 48
24 49
24 50
24 51
24 54
24 57
24 60
24 61
24 62
24 65
24 66
24 67
24 70
24 71
24 77
24 79
24 83
24 86
24 88
24 94
24 96
24 98
25 68
31 68
33 68
37 57
38 68
40 68
41 68
44 68
52 68
55 68
59 68
64 68
68 69
68 72
68 75
68 80
68 90
68 92
68 95
68 99
96 99
0 10
1 58
2 59
3 58
4 23
5 59
6 23
7 59
8 23
9 59
10 59
10 12
10 13
10 18
10 21
10 25
10 28
10 31
10 35
10 43
10 46
10 47
10 48
10 50
10 54
10 61
10 68
10 69
10 74
10 80
10 84
10 90
10 91
11 59
14 59
15 59
16 59
17 59
19 58
20 59
22 23
23 59
23 24
23 49
23 53
23 56
23 57
23 67
23 73
23 88
23 95
23 97
23 99
26 59
27 59
29 59
30 59
32 59
33 59
34 58
36 58
37 59
38 59
39 59
40 59
41 59
42 59
44 59
45 59
51 59
52 59
55 59
58 59
58 71
58 86
58 87
58 96
59 60
59 62
59 63
59 64
59 65
59 66
59 70
59 72
59 75
59 76
59 77
59 78
59 79
59 81
59 82
59 83
59 85
59 89
59 92
59 93
59 94
59 98
95 99
0 17
0 3
0 4
0 5
0 6
0 11
0 16
0 22
0 25
0 26
0 38
0 49
0 56
0 62
0 63
0 64
0 67
0 70
0 74
0 76
0 78
0 85
0 86
0 87
1 9
2 9
7 17
8 50
9 12
9 13
9 15
9 17
9 18
9 20
9 23
9 24
9 32
9 33
9 39
9 42
9 44
9 46
9 50
9 53
9 59
9 61
9 65
9 66
9 68
9 69
9 73
9 75
9 77
9 84
9 89
9 90
9 91
9 94
9 98
10 50
14 17
17 21
17 27
17 28
17 29
17 34
17 36
17 37
17 40
17 43
17 45
17 47
17 58
17 60
17 71
17 72
17 79
17 80
17 82
17 83
17 88
17 92
17 93
17 95
17 96
17 97
19 47
30 47
31 47
35 47
41 50
47 52
47 55
47 81
47 99
48 50
50 51
50 54
50 57
94 99
0 1
1 2
1 4
1 5
1 9
1 10
1 12
1 15
1 23
1 25
1 26
1 33
1 34
1 35
1 41
1 42
1 43
1 46
1 47
1 48
1 51
1 54
1 57
1 59
1 62
1 66
1 71
1 72
1 74
1 75
1 77
1 81
1 82
1 83
1 85
1 86
1 92
1 93
1 95
1 96
1 97
1 98
1 99
3 32
6 32
7 41
8 41
11 41
13 41
14 41
16 64
17 41
17 22
17 40
18 64
19 41
20 41
21 41
22 49
22 70
22 79
22 87
24 41
27 32
28 41
29 41
30 32
31 32
32 41
32 44
32 45
32 50
32 63
32 68
32 80
32 84
32 88
36 41
37 41
38 41
39 41
41 52
41 53
41 55
41 58
41 60
41 61
41 64
41 65
41 67
41 69
41 73
41 76
41 78
41 89
41 90
41 94
56 64
64 91
96 99
0 31
1 30
2 43
3 43
4 39
5 43
6 43
7 43
8 39
9 43
10 43
11 39
12 43
13 43
14 43
15 43
16 39
17 43
18 43
19 39
20 39
21 43
22 43
23 43
24 30
25 43
26 43
27 39
28 30
29 30
30 43
30 33
30 36
30 37
30 39
30 55
30 59
30 79
30 81
30 82
30 84
30 88
30 89
30 93
30 95
30 96
30 99
31 43
31 46
31 90
31 97
32 43
34 39
35 43
38 39
39 41
39 42
39 44
39 57
39 58
39 70
39 71
39 74
39 77
39 78
39 83
40 43
43 45
43 47
43 48
43 49
43 50
43 51
43 52
43 53
43 54
43 56
43 60
43 61
43 62
43 63
43 64
43 65
43 66
43 67
43 68
43 69
43 72
43 73
43 75
43 76
43 80
43 85
43 86
43 87
43 91
43 92
43 94
43 98
94 99
0 81
1 14
2 14
3 14
4 48
5 81
6 81
7 14
8 37
9 48
10 14
11 14
12 14
13 81
14 15
14 19
14 20
14 21
14 22
14 23
14 24
14 25
14 29
14 34
14 35
14 37
14 38
14 39
14 40
14 41
14 44
14 47
14 49
14 50
14 53
14 54
14 57
14 63
14 65
14 68
14 70
14 73
14 74
14 75
14 78
14 82
14 83
14 87
14 88
14 89
14 90
14 91
14 93
14 96
16 37
17 37
18 37
26 48
27 81
28 37
30 37
31 37
31 46
31 59
31 66
31 76
32 37
33 58
36 37
37 42
37 55
37 67
37 71
37 72
37 77
37 79
37 81
37 84
37 97
37 98
37 99
43 58
45 48
48 81
48 56
48 61
48 86
51 81
52 58
58 81
60 81
62 81
64 81
69 81
80 81
81 85
81 92
81 94
81 95
95 99
0 23
1 21
2 23
3 92
4 92
5 92
6 21
7 23
8 23
9 21
10 21
11 92
12 92
13 23
14 92
15 23
16 92
17 65
18 23
19 21
20 21
21 23
21 22
21 24
21 26
21 27
21 28
21 32
21 33
21 36
21 37
21 39
21 46
21 49
21 52
21 55
21 56
21 60
21 62
21 67
21 68
21 71
21 73
21 75
21 79
21 82
21 86
21 87
21 90
21 93
21 99
23 25
23 31
23 34
23 40
23 42
23 43
23 47
23 48
23 54
23 58
23 59
23 63
23 65
23 69
23 70
23 72
23 74
23 76
23 77
23 78
23 80
23 81
23 84
23 85
23 88
23 92
23 95
23 96
23 97
29 65
30 72
35 65
38 92
41 72
44 72
45 92
50 92
51 65
53 65
57 65
61 65
64 92
66 92
83 92
89 92
91 92
92 94
92 98
95 99
0 94
1 24
2 24
3 29
4 94
5 24
6 24
7 29
8 65
9 55
10 94
11 65
12 65
13 24
14 94
15 94
16 29
17 24
18 24
19 94
20 29
21 24
22 24
23 24
24 26
24 27
24 30
24 34
24 36
24 37
24 40
24 41
24 42
24 45
24 46
24 47
24 50
24 52
24 56
24 58
24 61
24 62
24 63
24 64
24 66
24 68
24 70
24 71
24 72
24 73
24 75
24 76
24 77
24 78
24 81
24 84
24 85
24 88
24 89
24 90
24 91
24 93
24 94
24 97
24 99
25 94
28 94
29 94
29 31
29 35
29 43
29 44
29 48
29 49
29 54
29 59
29 67
29 69
29 74
29 83
29 87
29 92
32 94
33 94
38 94
39 94
51 55
53 94
55 94
55 80
57 65
60 94
65 94
79 94
82 94
86 94
94 95
94 96
94 98
10 12
0 1
1 5
1 8
2 5
3 5
4 6
5 6
5 7
6 9
6 10
6 11
6 12
10 19
0 4
0 1
2 19
2 11
3 16
3 10
3 13
4 7
5 6
6 9
6 18
7 9
7 17
7 19
8 15
9 14
9 15
12 15
16 19
2 1
0 1
99 99
0 99
1 99
2 99
3 99
4 99
5 99
6 99
7 99
8 99
9 99
10 99
11 99
12 99
13 99
14 99
15 99
16 99
17 99
18 99
19 99
20 99
21 99
22 99
23 99
24 99
25 99
26 99
27 99
28 99
29 99
30 99
31 99
32 99
33 99
34 99
35 99
36 99
37 99
38 99
39 99
40 99
41 99
42 99
43 99
44 99
45 99
46 99
47 99
48 99
49 99
50 99
51 99
52 99
53 99
54 99
55 99
56 99
57 99
58 99
59 99
60 99
61 99
62 99
63 99
64 99
65 99
66 99
67 99
68 99
69 99
70 99
71 99
72 99
73 99
74 99
75 99
76 99
77 99
78 99
79 99
80 99
81 99
82 99
83 99
84 99
85 99
86 99
87 99
88 99
89 99
90 99
91 99
92 99
93 99
94 99
95 99
96 99
97 99
98 99
98 99
0 98
1 98
2 98
3 98
4 98
5 98
6 98
7 98
8 98
9 98
10 98
11 98
12 98
13 98
14 98
15 98
16 98
17 98
18 98
19 98
20 98
21 98
22 98
23 98
24 98
25 98
26 98
27 98
28 98
29 98
30 98
31 98
32 98
33 98
34 98
35 98
36 98
37 98
38 98
39 98
40 98
41 98
42 98
43 98
44 98
45 98
46 98
47 98
48 98
49 98
50 99
51 99
52 99
53 99
54 99
55 99
56 99
57 99
58 99
59 99
60 99
61 99
62 99
63 99
64 99
65 99
66 99
67 99
68 99
69 99
70 99
71 99
72 99
73 99
74 99
75 99
76 99
77 99
78 99
79 99
80 99
81 99
82 99
83 99
84 99
85 99
86 99
87 99
88 99
89 99
90 99
91 99
92 99
93 99
94 99
95 99
96 99
97 99
98 99
95 99
0 72
1 72
2 72
3 63
4 72
5 63
6 18
7 72
8 72
9 18
10 72
11 18
12 99
13 18
14 72
15 72
16 72
17 72
18 72
18 24
18 26
18 52
18 54
18 59
18 64
18 67
18 68
18 71
19 99
20 72
21 72
22 63
23 72
23 47
25 72
27 63
28 72
29 72
30 63
31 72
32 72
33 72
34 72
35 99
36 72
37 72
38 72
39 72
40 99
41 72
42 72
43 63
44 72
45 63
46 72
48 63
49 72
50 99
51 72
53 63
55 72
56 72
57 72
58 72
60 72
61 63
62 72
63 72
63 73
63 77
63 79
63 81
63 88
63 90
63 91
63 92
63 93
63 98
63 99
65 72
66 72
69 72
70 72
72 75
72 76
72 78
72 80
72 82
72 83
72 84
72 85
72 86
72 87
72 89
72 94
72 95
72 96
72 97
74 99
70 99
0 7
0 47
0 52
0 60
7 15
7 18
7 59
7 73
7 86
7 88
52 3
52 4
1 24
1 49
1 57
1 67
1 76
1 81
1 82
1 83
24 2
24 11
24 68
24 72
24 90
2 9
2 40
2 44
2 48
2 74
2 75
2 80
40 5
3 13
3 30
3 33
3 41
3 43
3 45
3 70
3 85
3 89
13 12
13 26
13 94
33 5
41 87
85 96
4 34
4 51
4 64
5 14
5 17
5 58
5 66
5 77
5 91
14 6
14 10
14 38
14 97
17 22
17 31
58 25
6 19
6 53
6 55
6 63
6 78
19 21
88 8
8 36
8 46
8 79
46 29
46 54
10 20
10 27
11 23
11 37
11 39
11 50
50 32
12 16
12 28
12 35
12 65
12 69
12 99
16 84
16 93
22 62
22 92
22 95
22 98
21 42
21 61
25 56
25 71
67 99
0 19
1 51
1 14
1 36
1 80
2 68
2 16
3 5
4 44
5 40
5 44
5 81
5 82
6 9
7 50
8 70
9 44
9 42
9 51
9 61
9 68
9 71
9 85
9 98
10 13
11 70
12 93
13 51
13 27
15 56
15 18
15 45
15 59
15 78
17 92
19 49
19 48
19 57
20 58
20 31
20 43
20 79
21 68
22 77
23 92
24 58
25 70
26 42
28 58
29 44
30 44
31 53
32 56
32 52
32 75
33 94
34 44
34 60
35 42
35 65
37 49
38 97
39 51
39 66
41 97
44 58
44 74
46 69
47 87
49 58
50 51
50 63
51 67
51 69
51 93
51 96
54 68
54 56
54 72
54 73
54 87
54 92
54 95
55 89
56 76
56 86
56 97
58 77
58 90
58 99
62 68
64 97
67 91
68 70
70 83
70 84
70 88
83 89
83 94
65 99
0 83
1 24
2 35
3 22
4 88
4 19
5 44
5 40
6 37
6 21
7 91
8 88
9 78
10 97
11 27
12 45
13 94
14 31
15 27
16 35
17 71
18 28
18 38
18 57
20 82
22 28
22 96
23 78
24 97
24 68
25 44
25 26
27 80
27 71
27 88
27 89
27 90
27 91
27 97
28 37
28 42
28 55
28 63
28 80
29 82
30 64
31 96
32 64
33 87
34 64
35 91
35 54
35 87
35 93
35 98
36 77
36 53
37 51
37 66
37 92
39 64
41 83
43 97
44 91
44 58
44 79
45 97
46 88
47 77
48 73
49 82
50 88
52 80
55 69
56 88
57 65
58 62
58 81
59 88
60 72
61 91
61 74
64 97
67 77
70 80
72 80
73 80
75 80
76 91
77 97
78 80
79 86
79 99
82 91
82 84
82 85
83 91
88 94
94 95
70 99
0 11
0 31
0 67
0 80
1 27
2 15
3 95
4 11
4 41
4 44
5 45
5 6
7 28
8 51
9 99
10 91
10 52
10 75
10 77
11 60
11 28
11 46
11 62
11 85
12 28
12 98
13 38
13 74
13 86
14 29
14 21
14 40
15 29
15 83
15 92
16 60
17 32
18 95
19 38
20 99
22 27
23 36
23 55
23 60
23 70
23 87
23 89
24 81
25 43
26 29
27 70
27 56
27 88
27 93
28 42
28 94
28 97
29 60
29 43
29 49
29 72
29 79
30 81
32 60
32 53
32 59
32 91
33 49
34 63
35 81
37 91
38 70
38 39
38 66
43 48
43 84
45 70
45 69
45 96
47 63
50 63
51 91
54 95
56 58
57 70
60 81
60 95
60 99
61 79
63 70
63 73
64 81
64 68
65 70
71 81
72 82
76 81
78 99
90 95
66 99
0 16
0 54
0 87
16 6
16 96
1 23
1 24
1 27
1 37
1 39
1 44
23 6
23 15
23 69
23 71
27 61
37 5
37 11
44 83
2 22
2 38
2 41
2 62
2 68
2 76
2 97
22 5
22 19
68 9
3 12
3 36
3 49
3 60
3 74
12 4
12 95
4 26
4 28
4 52
4 67
4 90
26 94
28 17
28 79
90 9
5 8
5 13
5 14
5 65
5 72
5 73
5 78
5 80
8 56
8 63
8 64
8 89
13 25
13 31
13 35
13 59
14 10
14 40
14 93
72 7
6 32
6 58
6 91
6 99
7 18
7 33
7 48
7 75
7 81
7 85
7 88
9 21
9 42
9 53
9 66
21 20
42 82
10 29
10 34
10 84
10 98
29 51
29 70
34 57
15 43
15 46
15 77
17 47
17 55
17 86
19 30
19 45
30 50
20 92
69 99
0 46
1 65
2 89
3 91
3 31
3 85
3 90
4 68
5 89
6 19
7 51
8 50
8 11
8 16
8 48
8 83
8 87
9 55
10 22
10 69
12 19
12 24
13 89
14 46
15 51
15 43
15 55
17 93
18 19
18 28
19 32
19 40
19 41
19 56
19 63
20 49
21 34
22 89
22 30
22 32
22 42
22 59
22 78
22 86
23 52
23 38
25 64
26 64
27 89
29 44
32 50
32 51
32 54
32 64
32 72
32 99
33 72
34 51
35 50
36 70
37 84
39 40
39 62
44 50
44 46
44 49
44 52
44 70
44 98
45 66
46 71
46 77
46 81
47 50
49 75
49 96
50 91
50 92
50 95
51 60
51 66
51 67
52 53
52 58
52 84
57 89
61 72
64 79
65 67
66 94
67 68
67 73
67 80
67 82
67 88
68 74
70 97
76 91
91 93
68 99
0 37
0 7
0 24
0 27
0 32
0 38
0 62
1 48
2 96
3 96
4 20
5 50
6 70
8 71
9 37
9 15
9 75
10 76
10 53
10 56
10 74
10 95
11 45
12 89
13 71
14 49
16 34
16 31
16 36
16 79
16 91
17 27
17 22
17 29
17 46
17 51
17 55
17 84
17 90
18 46
19 73
20 70
21 35
23 37
23 26
23 33
23 40
23 43
25 34
25 28
25 58
26 86
27 39
27 54
27 57
27 66
27 89
27 94
30 35
34 46
34 73
35 46
35 41
35 48
35 49
35 70
35 76
35 93
37 52
37 67
37 69
37 78
40 63
41 59
42 48
44 99
45 57
46 60
46 92
46 98
47 76
47 77
47 83
47 97
48 50
48 80
48 99
49 81
61 99
61 68
61 82
64 76
64 65
64 72
71 85
76 85
76 87
76 88
76 96
70 99
0 73
1 71
2 52
3 94
3 4
3 18
3 39
5 94
5 22
5 60
5 84
6 65
7 14
8 32
8 72
8 99
9 52
9 10
9 13
9 19
9 51
9 79
9 89
9 94
10 12
10 14
10 32
10 38
10 54
10 64
10 65
10 96
11 32
11 16
11 24
11 49
11 66
12 20
12 33
12 35
12 73
12 80
12 86
12 98
14 23
14 48
14 76
15 54
17 73
20 21
20 62
20 83
23 28
23 53
25 27
26 51
27 94
27 34
27 44
27 82
29 74
30 54
31 42
32 37
32 42
32 69
32 90
32 91
36 52
37 57
37 93
38 77
40 67
41 65
41 47
42 50
43 71
45 83
46 73
48 58
52 75
52 88
54 78
54 81
54 87
55 71
56 80
59 67
61 65
63 73
64 70
65 97
67 94
68 74
71 94
74 94
85 91
92 94
94 95
63 99
0 1
0 4
0 5
0 15
0 20
0 80
1 2
1 6
1 16
1 21
1 81
4 9
4 19
4 24
4 84
5 10
5 25
5 85
15 35
15 95
20 40
2 3
2 7
2 17
2 22
2 82
6 11
6 26
6 86
16 36
16 96
3 8
3 18
3 23
3 83
7 12
7 27
7 87
17 37
17 97
8 13
8 28
8 88
18 38
18 98
9 14
9 29
9 89
19 39
19 99
10 30
10 90
11 31
11 91
12 32
12 92
13 33
13 93
14 34
14 94
40 41
40 44
40 45
40 55
40 60
41 42
41 46
41 56
41 61
44 49
44 59
44 64
45 50
45 65
42 43
42 47
42 57
42 62
46 51
46 66
43 48
43 58
43 63
47 52
47 67
48 53
48 68
58 78
49 54
49 69
50 70
70 71
70 74
70 75
71 72
71 76
72 73
72 77
78 79
70 99
0 21
1 62
2 57
3 47
4 47
5 95
6 89
7 19
8 17
9 61
10 19
11 44
12 60
13 98
14 41
15 95
16 54
17 89
17 18
17 36
17 44
17 52
17 78
17 93
18 26
19 47
19 33
19 57
19 62
19 65
19 79
19 80
19 89
19 98
20 77
21 47
21 30
21 31
21 51
21 56
21 59
21 81
22 64
23 92
24 89
24 40
24 73
24 94
25 65
25 67
27 95
28 98
28 55
29 49
32 54
33 46
34 60
35 98
37 56
37 97
38 44
39 47
39 87
41 54
41 72
42 44
43 71
44 58
44 91
45 61
47 92
47 71
47 74
47 85
48 54
49 92
50 92
51 96
53 64
54 60
54 69
54 77
54 92
56 63
56 99
60 68
61 89
64 92
65 82
66 92
69 70
75 89
76 89
83 92
84 89
86 98
88 98
89 95
90 92
68 99
0 37
0 50
0 53
0 60
0 67
0 80
0 92
92 4
1 6
1 11
1 41
1 76
6 33
6 58
6 94
11 18
11 44
11 54
11 66
76 5
2 5
2 19
2 20
2 22
2 25
2 63
2 83
5 24
5 65
5 82
5 90
19 10
19 84
20 3
20 72
20 77
20 87
20 93
22 23
22 32
22 85
25 4
25 40
3 17
3 36
3 38
3 56
3 95
3 99
17 8
17 71
17 96
38 70
38 81
4 12
4 47
4 62
4 69
4 79
12 31
12 51
12 61
33 7
7 14
14 27
14 43
14 78
8 9
8 28
8 35
8 42
8 48
8 74
8 88
9 21
9 57
9 73
9 98
35 16
21 15
21 26
10 13
10 45
10 49
13 55
13 68
13 75
49 29
49 64
75 97
15 46
15 86
15 91
23 34
23 52
23 59
23 89
52 30
29 39
70 99
0 18
0 21
0 28
0 32
0 44
0 76
0 78
0 82
18 5
18 33
18 79
21 51
21 56
28 55
28 86
1 15
1 27
1 42
1 62
1 67
1 75
62 3
2 9
2 30
2 57
2 59
2 97
9 35
9 39
9 46
9 61
9 71
57 3
57 63
3 5
3 22
3 36
3 47
3 68
3 99
5 4
5 43
5 65
5 95
5 96
36 69
4 7
4 11
4 66
4 72
4 91
4 93
7 14
7 19
7 25
7 52
7 81
11 8
11 16
11 88
11 94
43 6
6 12
6 89
14 20
14 40
14 41
14 85
19 10
19 80
8 17
8 50
8 73
8 83
17 23
17 74
17 90
39 87
10 26
10 37
10 58
10 60
26 38
16 13
16 29
16 54
13 31
13 45
13 48
13 98
20 34
20 77
29 49
23 24
23 64
23 70
23 84
23 92
64 53
67 99
0 37
1 76
2 22
2 20
3 17
4 79
5 60
6 94
7 14
8 28
8 9
8 74
8 88
10 37
11 21
11 18
11 44
12 36
13 55
14 27
14 25
14 43
14 78
15 35
16 35
17 28
17 69
19 80
20 87
21 26
21 86
22 23
22 28
22 32
22 48
22 61
22 77
22 82
22 85
22 96
23 34
23 24
23 50
23 52
23 58
23 59
23 71
23 91
26 28
26 33
26 46
26 65
26 72
27 81
27 99
28 35
28 36
28 37
28 42
28 55
28 76
28 80
29 49
30 96
31 37
34 81
34 53
34 60
34 63
34 75
34 79
34 89
34 95
34 98
35 66
35 73
35 93
37 83
37 84
38 81
39 80
40 75
40 70
41 63
45 61
47 55
49 51
50 51
54 75
55 92
56 61
57 79
61 94
62 81
64 65
67 69
68 81
75 90
75 97
10 19
0 4
0 1
2 19
2 11
3 16
3 10
3 13
4 7
5 6
6 9
6 18
7 9
7 17
7 19
8 15
9 14
9 15
12 15
16 19
17 19
0 3
1 16
2 15
3 15
3 4
3 6
3 7
3 13
3 16
3 19
5 16
8 15
9 16
10 16
11 16
12 16
14 16
16 17
16 18
37 49
0 36
1 20
1 25
1 39
2 16
3 48
4 48
5 6
6 26
6 30
6 41
7 16
8 26
8 32
8 45
9 20
10 36
11 43
12 26
13 36
14 48
15 20
16 41
16 35
16 43
17 20
17 28
18 48
19 32
20 48
20 21
20 24
20 40
20 44
22 26
23 41
26 36
26 46
27 41
29 36
31 36
32 37
32 38
32 47
33 48
34 48
34 42
36 48
48 49
65 99
0 60
0 28
1 33
2 33
2 52
3 82
4 60
4 7
4 29
4 30
4 37
4 63
4 75
4 77
4 82
5 63
6 48
7 13
7 43
7 48
7 64
7 70
8 12
9 33
10 23
11 22
11 68
12 84
14 26
14 20
15 17
16 80
17 26
18 63
19 30
21 22
22 33
22 26
22 55
22 62
22 78
22 98
23 60
24 80
25 72
26 46
26 60
26 80
26 97
27 70
29 91
30 32
30 40
30 74
30 90
30 99
31 63
33 35
33 72
33 88
34 44
36 70
37 49
37 76
38 83
39 48
39 92
41 94
41 81
42 56
44 84
44 45
44 95
47 70
48 53
48 79
48 85
50 70
51 83
51 57
54 84
55 56
58 84
58 96
59 83
60 65
60 66
60 71
60 83
60 84
61 84
65 69
67 72
69 93
70 89
73 78
78 94
83 87
84 86
56 79
0 59
1 29
1 36
2 56
3 56
4 15
4 39
4 44
4 45
4 47
4 72
5 59
6 66
6 20
6 42
7 28
8 23
9 70
10 55
11 47
12 40
13 70
14 66
15 21
15 23
15 59
15 60
15 75
16 66
17 70
18 66
18 52
18 78
19 47
20 43
21 27
21 48
21 55
21 57
21 63
21 66
21 70
22 76
23 28
23 37
23 79
24 66
25 55
26 77
29 66
29 54
30 67
31 55
32 33
33 70
33 35
33 49
34 64
38 70
40 77
41 55
41 51
46 77
47 50
47 62
47 69
47 76
53 77
55 68
55 74
56 66
56 61
56 71
57 58
59 67
64 66
65 70
70 73
70 77
73 98
0 30
0 46
1 9
1 7
1 17
1 23
1 24
1 27
1 49
1 65
1 98
2 72
3 71
4 9
5 32
6 34
8 26
9 29
9 31
9 45
9 71
9 75
9 96
10 91
11 72
12 97
13 72
14 28
15 27
15 19
15 21
15 34
15 40
15 73
16 30
18 30
19 54
19 63
19 74
20 41
22 96
25 34
26 27
26 33
26 62
26 68
26 92
27 32
27 35
27 37
27 44
27 72
27 77
28 65
28 38
28 80
30 95
30 41
30 87
30 97
36 65
36 53
36 56
36 57
36 58
36 64
36 86
39 65
39 79
41 78
41 88
41 91
42 73
43 50
47 72
48 73
50 72
50 66
50 70
50 94
51 57
52 71
55 65
57 89
59 65
60 72
61 67
65 76
65 83
65 95
67 72
69 72
72 81
72 82
84 97
85 87
90 95
93 95
66 89
0 75
1 22
2 24
3 25
3 8
3 28
3 46
3 48
3 53
3 58
3 77
3 86
4 22
5 75
6 70
7 62
9 62
10 24
10 36
10 38
10 57
10 83
11 35
12 70
12 62
13 25
14 75
15 55
16 30
17 61
17 60
18 75
18 42
18 56
19 77
20 57
21 80
22 30
22 49
22 81
23 53
24 53
24 39
24 70
25 75
25 45
25 50
25 59
25 73
25 84
26 31
26 37
26 55
26 63
26 68
26 74
27 77
29 62
30 75
32 45
33 40
34 80
35 37
37 40
37 41
37 64
37 75
37 76
37 80
40 51
40 54
40 82
43 77
44 75
47 53
52 80
53 61
53 78
53 85
62 66
65 77
67 75
68 89
69 77
70 71
70 88
72 77
75 79
80 87
80 99
0 79
1 46
2 72
3 60
4 41
5 77
6 7
6 18
6 26
6 29
6 35
6 43
6 49
6 57
6 63
6 70
6 73
6 75
6 79
6 84
6 94
6 98
7 90
8 79
9 18
10 72
11 16
12 30
13 31
13 17
13 19
13 53
13 93
14 26
15 79
16 63
16 20
16 38
16 40
16 46
16 50
16 58
16 65
16 78
16 86
16 96
18 42
18 44
18 52
18 67
18 71
18 91
18 97
21 46
22 60
23 63
23 56
23 82
24 63
25 63
26 64
26 74
26 81
26 99
27 63
28 73
30 73
30 33
30 48
30 83
30 87
30 88
31 61
31 41
32 61
34 73
36 72
37 79
39 60
45 77
46 47
46 62
46 68
46 85
51 98
54 58
55 77
59 63
60 73
60 72
60 92
61 77
61 66
63 69
63 77
63 89
76 98
79 95
80 98
89 99
0 26
1 69
2 69
3 69
3 5
3 20
3 24
3 31
3 36
3 38
3 42
3 48
3 50
3 61
3 65
3 77
3 84
3 91
3 96
3 98
4 38
6 26
7 26
8 69
9 20
10 26
11 38
12 69
13 20
14 26
15 26
16 69
16 30
16 63
16 76
16 88
17 20
18 33
19 20
20 37
20 39
20 41
20 54
20 56
20 60
20 62
20 78
20 79
20 81
20 87
20 95
21 26
22 86
23 86
25 26
26 27
26 40
26 44
26 46
26 47
26 49
26 51
26 52
26 53
26 55
26 69
26 74
26 83
28 69
29 69
32 33
33 38
33 92
34 45
35 86
38 64
38 71
38 82
38 86
43 69
45 69
45 58
45 90
45 93
57 69
59 69
65 68
66 69
67 69
69 70
69 73
69 75
69 80
69 94
69 97
72 86
80 99
85 86
86 89
78 99
0 54
1 17
1 6
1 47
2 54
3 22
4 12
4 13
4 20
4 22
4 34
4 53
4 61
4 75
4 79
4 84
4 99
5 75
7 63
8 36
9 39
10 22
11 64
12 30
12 39
12 43
12 48
12 51
12 54
12 58
12 59
12 62
12 67
12 73
12 90
12 93
12 97
14 99
15 62
16 59
17 54
17 44
17 91
17 98
18 62
19 64
21 22
22 71
22 92
23 30
24 59
25 39
26 36
27 62
28 39
29 30
30 38
31 59
32 71
33 39
34 77
35 62
36 62
36 68
37 68
39 41
39 42
39 46
39 50
39 74
39 80
39 82
39 83
39 94
40 59
44 87
45 62
49 63
52 63
53 65
54 57
54 60
54 66
54 88
55 96
56 59
59 63
59 78
59 86
59 89
63 69
63 70
63 72
63 76
63 95
64 71
71 81
75 96
78 85
75 99
0 82
1 27
2 43
3 68
4 75
5 49
6 33
6 61
7 23
8 35
9 49
10 49
11 33
12 99
12 27
13 35
14 99
15 57
16 35
16 38
16 46
17 79
17 62
18 79
19 75
20 49
21 50
21 39
22 79
23 28
24 84
25 79
26 81
28 82
28 97
29 50
30 68
31 95
32 68
33 50
33 45
33 70
33 86
33 94
34 68
35 40
35 52
35 83
35 99
36 45
37 43
41 49
41 87
41 95
42 57
43 50
43 51
43 58
43 63
44 99
45 75
45 89
45 93
47 50
48 68
49 57
49 54
50 68
50 66
50 80
50 85
50 90
53 99
55 82
56 99
57 79
57 96
59 81
59 60
64 68
65 68
67 75
68 79
68 82
68 88
69 99
71 99
72 82
73 79
74 82
76 81
77 84
78 81
79 99
79 92
79 98
81 99
82 84
91 95
79 99
0 90
1 90
1 15
2 58
3 63
3 4
3 17
3 23
3 28
3 35
3 42
3 78
3 89
4 37
4 57
4 60
4 69
4 96
5 90
6 18
7 16
8 63
9 88
9 45
9 84
10 90
11 63
11 34
11 67
11 72
12 90
12 87
13 86
14 90
16 54
18 63
18 39
18 46
18 49
18 54
18 55
18 79
18 83
18 88
19 30
20 37
21 88
22 86
24 88
25 63
26 90
27 90
29 90
29 32
30 63
30 75
30 77
30 81
30 82
30 90
31 57
33 90
35 56
35 65
35 92
35 98
36 57
38 60
40 88
41 86
43 54
44 54
47 60
48 54
50 90
51 90
52 63
53 90
54 76
54 80
54 94
57 93
58 90
58 70
58 73
58 86
58 95
59 90
60 85
61 90
62 63
63 66
63 71
63 74
64 86
68 73
86 91
86 99
88 97
77 99
0 50
1 22
2 54
3 26
4 50
5 58
6 29
7 14
8 95
9 22
9 15
9 16
9 35
9 60
9 71
9 96
10 50
11 14
12 22
13 14
13 66
14 22
14 28
14 38
14 78
14 84
15 46
15 64
16 31
16 36
16 74
17 50
18 58
19 22
20 58
21 54
22 29
22 48
22 50
22 53
22 63
22 68
22 75
22 82
22 86
22 90
22 94
23 50
24 70
25 54
26 45
26 32
26 52
27 76
29 45
29 57
29 98
30 76
33 54
34 64
37 50
39 70
40 95
41 88
42 57
43 86
44 60
45 51
45 69
46 49
47 76
50 62
50 65
50 87
50 89
50 95
54 76
54 67
54 70
54 88
55 63
56 95
58 76
58 61
59 70
60 79
63 81
63 83
69 91
72 95
73 95
76 95
76 92
76 93
77 95
80 95
85 95
95 97
95 99
88 99
0 71
1 16
2 50
3 73
4 36
5 36
6 36
7 62
8 22
9 22
10 39
11 71
12 73
12 59
13 86
14 50
15 16
16 73
16 23
16 96
17 22
18 88
19 86
20 73
21 22
22 50
22 35
22 36
22 43
22 55
22 57
22 65
22 70
22 74
22 76
22 82
22 92
24 73
25 36
26 86
27 62
28 36
29 36
30 73
31 36
32 50
33 50
34 50
36 39
36 46
36 58
36 66
36 69
36 71
36 80
36 83
36 84
36 91
37 73
38 73
39 51
39 61
39 77
39 98
40 45
41 71
42 73
44 50
45 50
47 71
48 86
49 50
50 60
50 73
50 81
50 85
50 86
50 87
50 88
50 89
50 90
50 95
50 99
52 71
53 73
54 86
56 71
62 71
63 88
64 73
67 86
68 73
71 78
71 79
71 93
72 88
73 75
73 94
88 97
80 96
0 80
1 80
2 80
3 80
4 80
5 81
6 81
7 81
8 81
9 81
10 82
11 82
12 82
13 82
14 82
15 83
16 83
17 83
18 83
19 83
20 84
21 84
22 84
23 84
24 84
25 85
26 85
27 85
28 85
29 85
30 86
31 86
32 86
33 86
34 86
35 87
36 87
37 87
38 87
39 87
40 88
41 88
42 88
43 88
44 88
45 89
46 89
47 89
48 89
49 89
50 90
51 90
52 90
53 90
54 90
55 91
56 91
57 91
58 91
59 91
60 92
61 92
62 92
63 92
64 92
65 93
66 93
67 93
68 93
69 93
70 94
71 94
72 94
73 94
74 94
75 95
76 95
77 95
78 95
78 79
80 81
81 82
82 83
83 84
84 85
85 86
86 87
87 88
88 89
89 90
90 91
91 92
92 93
93 94
94 95
95 96
79 96
0 80
1 80
2 80
3 81
4 81
5 81
6 81
7 81
8 82
9 82
10 82
11 82
12 82
13 83
14 83
15 83
16 83
17 83
18 84
19 84
20 84
21 84
22 84
23 85
24 85
25 85
26 85
27 85
28 86
29 86
30 86
31 86
32 86
33 87
34 87
35 87
36 87
37 87
38 88
39 88
40 88
41 88
42 88
43 89
44 89
45 89
46 89
47 89
48 90
49 90
50 90
51 90
52 90
53 91
54 91
55 91
56 91
57 91
58 92
59 92
60 92
61 92
62 92
63 93
64 93
65 93
66 93
67 93
68 94
69 94
70 94
71 94
72 94
73 95
74 95
75 95
76 95
77 95
77 78
78 96
79 80
80 81
81 82
82 83
83 84
84 85
85 86
86 87
87 88
88 89
89 90
90 91
91 92
92 93
93 94
94 95
78 96
0 80
1 81
2 81
3 81
4 81
5 81
6 82
7 82
8 82
9 82
10 82
11 83
12 83
13 83
14 83
15 83
16 84
17 84
18 84
19 84
20 84
21 85
22 85
23 85
24 85
25 85
26 86
27 86
28 86
29 86
30 86
31 87
32 87
33 87
34 87
35 87
36 88
37 88
38 88
39 88
40 88
41 89
42 89
43 89
44 89
45 89
46 90
47 90
48 90
49 90
50 90
51 91
52 91
53 91
54 91
55 91
56 92
57 92
58 92
59 92
60 92
61 93
62 93
63 93
64 93
65 93
66 94
67 94
68 94
69 94
70 94
71 95
72 95
73 95
74 95
75 95
76 77
77 78
78 79
78 96
79 80
80 81
81 82
82 83
83 84
84 85
85 86
86 87
87 88
88 89
89 90
90 91
91 92
92 93
93 94
94 95
60 98
0 80
1 80
2 80
3 81
4 81
5 81
6 82
7 82
8 82
9 82
10 82
11 83
12 83
13 83
14 84
15 84
16 84
17 84
18 84
19 85
20 85
21 85
22 86
23 86
24 86
25 86
26 86
27 87
28 87
29 87
30 88
31 88
32 88
33 88
34 88
35 89
36 89
37 89
38 90
39 90
40 90
41 90
42 90
42 43
43 44
43 91
44 45
45 46
46 47
46 92
48 92
49 92
50 92
50 51
51 52
51 93
52 53
53 54
54 55
54 94
56 94
57 94
58 94
58 59
59 60
59 95
60 61
61 62
62 63
62 96
64 96
65 96
66 96
66 67
67 68
67 97
68 69
69 70
70 71
70 98
72 98
73 98
74 98
74 75
75 76
77 78
78 79
79 80
80 81
81 82
82 83
83 84
84 85
85 86
86 87
87 88
88 89
89 90
96 99
0 1
0 2
0 3
0 4
0 5
0 6
0 7
0 8
0 9
0 10
0 11
0 12
0 13
0 14
0 15
0 16
0 17
0 18
0 19
0 20
0 21
0 22
0 23
0 24
0 25
0 26
0 28
0 30
0 31
0 33
0 34
0 35
0 40
0 42
0 46
0 48
0 49
0 51
0 52
0 56
0 57
0 58
0 60
0 62
0 63
0 65
0 67
0 70
0 71
0 73
0 74
0 75
0 78
0 81
0 82
0 83
0 85
0 87
0 89
0 90
0 99
25 36
25 37
25 39
25 43
25 44
25 45
25 47
25 54
25 59
25 61
25 68
27 75
29 75
32 75
38 75
41 75
50 75
50 53
50 64
50 69
55 75
66 75
72 75
75 76
75 77
75 79
75 80
75 84
75 86
75 88
75 91
75 92
75 93
75 94
75 95
75 96
75 97
75 98
98 99
0 2
0 3
0 4
0 5
0 6
0 7
0 8
0 9
0 10
0 11
0 12
0 13
0 14
0 15
0 16
0 17
0 18
0 19
0 20
0 21
0 22
0 23
0 24
0 25
0 26
0 27
0 28
0 29
0 30
0 31
0 32
0 33
0 34
0 35
0 36
0 37
0 38
0 39
0 40
0 41
0 42
0 43
0 44
0 45
0 46
0 47
0 48
0 49
0 50
0 51
0 52
0 53
0 54
0 55
0 56
0 57
0 58
0 59
0 60
0 61
0 62
0 63
0 64
0 65
0 66
0 67
0 68
0 69
0 70
0 71
0 72
0 73
0 74
0 75
0 76
0 77
0 78
0 79
0 80
0 81
0 82
0 83
0 84
0 85
0 86
0 87
0 88
0 89
0 90
0 91
0 92
0 93
0 94
0 95
0 96
0 97
0 98
0 99
1 2
51 99
0 2
0 7
0 20
0 40
0 50
0 70
1 9
1 2
1 4
2 5
3 9
6 9
8 9
10 20
10 12
10 14
10 15
10 17
10 90
11 12
11 19
12 13
14 16
15 18
20 22
20 24
20 25
20 27
20 30
21 22
21 29
22 23
24 26
25 28
30 32
30 34
30 35
30 37
31 32
31 39
32 33
34 36
35 38
40 42
40 44
40 45
40 47
40 60
41 42
41 49
42 43
44 46
45 48
50 52
50 54
50 55
50 57
50 80
51 52
51 59
52 53
54 56
55 58
60 62
60 64
60 65
60 67
61 62
61 69
62 63
64 66
65 68
70 72
70 74
70 75
70 77
71 72
71 79
72 73
74 76
75 78
80 82
80 84
80 85
80 87
81 82
81 89
82 83
84 86
85 88
90 92
90 94
90 95
90 97
91 92
91 99
92 93
94 96
95 98
50 90
0 39
0 86
1 71
2 59
2 24
2 33
3 16
3 4
5 59
5 27
6 69
7 14
7 29
7 31
8 34
8 51
8 68
9 69
9 17
9 19
9 45
10 17
10 73
11 25
12 15
12 42
12 87
13 60
14 69
14 65
14 66
15 69
15 36
15 82
16 81
16 37
17 57
18 35
18 55
20 34
20 77
21 75
22 87
23 44
24 28
25 60
25 61
26 35
29 89
30 65
32 90
34 69
34 47
35 78
36 70
38 69
39 46
39 62
40 69
41 81
41 79
43 71
43 56
44 60
45 83
46 69
46 58
46 90
48 78
48 85
49 69
50 69
51 72
52 69
53 69
54 74
59 69
59 63
60 69
61 64
67 69
69 74
69 76
69 78
69 81
69 88
71 74
74 75
78 84
80 81
7 10
0 9
1 3
2 3
3 5
3 6
3 7
4 6
6 9
6 10
7 8
39 39
0 1
0 2
0 3
0 4
0 5
0 6
0 7
0 8
0 9
0 10
0 11
0 12
0 13
0 14
0 15
0 16
0 17
0 18
0 19
0 20
0 21
0 22
0 23
0 24
0 25
0 26
0 27
0 28
0 29
0 30
0 31
0 32
0 33
0 34
0 35
0 36
0 37
0 38
0 39
89 99
0 12
1 5
2 29
3 80
4 12
5 16
5 52
5 54
5 58
5 63
5 80
5 85
5 95
5 97
6 26
7 96
8 26
9 18
10 41
11 41
12 29
12 14
12 15
12 23
12 39
12 88
12 90
12 93
13 55
17 55
18 80
18 24
18 28
18 30
18 37
18 42
18 71
18 76
18 78
19 80
20 26
21 80
22 98
25 29
26 29
26 35
26 44
26 46
26 53
26 66
26 87
27 41
29 80
29 41
29 49
29 55
29 86
29 91
31 96
32 47
33 47
34 55
36 98
38 98
40 55
41 61
41 67
41 70
41 75
41 81
41 82
43 98
45 96
47 80
47 56
47 60
47 62
47 64
47 65
47 96
47 98
48 55
50 96
51 96
55 59
55 68
55 77
55 79
57 96
69 96
72 98
73 96
74 98
80 92
80 94
83 96
84 98
89 98
98 99
89 99
0 30
1 67
2 36
3 30
4 20
5 81
6 81
7 67
8 67
9 41
9 50
9 52
9 57
9 58
9 59
9 72
9 74
9 79
9 82
10 13
11 36
12 51
13 82
13 14
13 22
13 23
13 28
13 31
13 32
13 64
13 97
15 51
16 36
17 67
18 60
19 69
20 36
20 25
20 26
20 46
20 66
20 75
20 83
20 96
20 99
21 60
24 69
27 60
29 82
30 36
30 33
30 34
30 35
30 45
30 53
30 56
30 61
36 82
36 48
36 54
36 62
36 92
37 67
38 81
39 81
40 82
42 51
43 67
44 60
47 60
49 69
51 69
51 68
51 73
51 77
51 78
51 94
51 95
55 81
60 69
60 65
60 86
60 89
60 91
63 81
67 69
67 70
67 87
67 88
69 82
69 80
69 81
69 84
71 82
76 81
81 85
81 98
82 90
82 93
83 99
0 88
0 9
0 16
0 17
0 32
0 43
0 52
0 69
0 80
1 81
2 88
3 62
4 44
5 79
6 70
7 79
8 22
10 48
11 12
12 22
13 70
14 79
15 22
18 58
19 48
20 70
21 36
22 48
22 35
22 51
22 68
22 81
23 88
24 81
25 70
26 39
27 70
28 36
29 88
30 48
31 39
33 73
34 36
36 81
36 38
36 59
36 83
36 92
37 67
39 88
39 89
40 70
41 48
42 63
44 58
44 48
45 81
46 58
47 81
48 57
48 79
48 88
49 88
50 63
53 63
54 67
54 56
55 73
58 73
58 66
60 70
61 67
62 79
62 98
63 88
63 64
63 72
63 74
63 97
65 81
67 79
67 75
67 78
67 82
67 86
67 87
67 96
70 88
70 77
70 90
71 73
76 81
79 85
79 95
81 84
81 91
81 99
88 93
88 94
82 99
0 57
1 9
1 13
2 10
3 83
4 96
5 16
6 83
7 10
8 57
9 16
9 11
9 35
9 73
9 76
9 80
9 90
9 93
10 35
10 20
10 58
10 64
10 66
10 68
10 87
11 23
11 28
11 32
11 43
11 56
11 69
11 71
11 83
11 95
11 98
12 79
14 57
15 96
16 45
16 62
16 84
17 45
17 22
18 79
19 96
21 35
24 35
25 45
25 39
25 52
25 57
25 65
25 79
26 35
27 57
29 35
29 33
29 74
29 92
30 96
31 90
31 37
31 41
31 44
31 49
31 51
31 61
31 86
31 97
34 80
34 72
34 75
35 36
35 77
35 89
35 96
38 57
40 45
42 57
45 47
45 54
45 55
45 59
45 63
45 82
46 96
48 79
50 79
53 79
57 60
67 96
70 83
78 83
79 91
80 99
81 90
85 90
88 96
94 96
83 99
0 24
1 16
2 91
3 99
4 64
5 16
6 72
7 91
7 76
7 79
8 79
8 12
8 15
8 29
8 58
8 85
8 87
8 88
8 93
9 24
10 30
10 13
10 19
10 45
10 48
10 61
10 70
11 64
14 99
16 31
16 18
17 24
20 30
20 25
20 57
20 92
21 24
22 68
23 72
24 68
24 39
24 44
24 51
24 82
24 95
26 67
27 91
27 35
27 99
28 72
30 67
30 32
30 34
30 59
30 63
30 65
30 78
30 94
31 64
31 41
31 43
31 49
31 71
31 80
31 86
31 97
33 68
36 79
37 68
38 72
40 72
42 91
46 91
47 68
47 72
47 75
47 77
47 81
50 91
52 79
53 72
54 91
55 72
56 64
60 67
62 67
64 68
66 91
67 91
67 69
67 73
68 90
68 91
68 98
72 74
72 83
72 96
79 89
84 91
76 98
0 1
1 4
2 6
3 8
4 9
5 11
6 14
7 20
8 83
8 35
9 20
9 13
9 15
9 16
9 19
9 21
9 36
9 40
9 50
9 58
9 84
9 86
9 88
9 89
10 34
11 34
11 93
12 58
13 92
14 81
14 62
14 98
17 36
18 40
20 34
20 39
20 41
20 42
20 60
20 73
20 83
20 85
20 95
22 41
23 29
24 34
24 80
25 83
26 81
27 34
28 74
28 52
29 38
29 44
29 75
29 76
30 83
31 34
32 40
33 40
34 37
34 70
34 71
36 43
38 74
38 51
38 59
38 66
38 78
40 47
40 68
40 72
40 94
41 67
45 58
46 74
48 81
49 83
53 74
54 90
55 70
56 83
57 74
61 74
63 90
64 83
65 70
69 74
70 97
74 83
74 91
74 96
77 83
79 81
81 83
82 83
83 87
83 90
76 98
0 1
1 4
2 6
3 8
4 10
5 11
6 14
7 44
8 10
8 17
8 26
8 47
8 54
8 72
8 84
8 96
8 98
9 19
10 21
10 24
10 40
10 52
10 55
10 67
10 70
10 78
10 82
10 93
11 63
12 25
13 45
13 15
13 50
14 45
14 29
14 30
14 60
16 33
17 65
17 94
18 45
19 44
19 57
19 73
19 75
20 45
21 33
21 37
21 43
21 44
21 45
21 53
21 59
21 63
21 74
22 44
22 28
22 46
23 49
23 80
25 45
25 51
25 77
27 44
31 63
32 63
33 56
33 61
33 68
33 76
33 81
33 83
33 86
33 87
34 45
35 44
35 95
36 68
38 78
39 63
41 68
42 63
44 49
44 58
44 62
44 69
44 79
44 85
44 88
44 89
44 90
45 71
45 91
45 92
48 68
63 64
66 68
86 97
78 98
0 1
1 4
2 5
3 7
4 10
5 11
6 13
7 16
8 65
9 33
9 20
10 97
10 22
10 23
10 28
10 33
10 57
10 62
10 82
10 87
10 92
10 95
11 24
11 86
12 44
13 16
14 44
15 89
16 33
16 34
16 45
16 51
16 54
16 69
16 88
17 88
18 97
19 88
19 78
19 93
21 44
24 89
24 83
25 44
26 33
27 89
29 89
30 33
31 72
32 65
33 50
33 59
33 65
33 68
33 79
33 81
33 91
35 72
36 88
37 65
38 97
39 97
40 89
41 65
42 90
43 97
44 89
44 47
44 56
44 64
44 66
44 67
44 70
44 73
44 84
44 90
46 88
48 97
49 65
52 97
53 89
54 71
55 97
58 89
60 90
61 88
63 89
65 76
65 98
72 97
72 74
75 89
76 80
76 94
77 89
85 88
89 97
96 97
78 98
0 1
1 4
2 5
3 7
4 10
5 11
6 13
7 16
8 65
9 33
9 20
10 97
10 22
10 23
10 28
10 33
10 57
10 62
10 82
10 87
10 92
10 95
11 24
11 86
12 44
13 16
14 44
15 89
16 33
16 34
16 45
16 51
16 54
16 69
16 88
17 88
18 97
19 88
19 78
19 93
21 44
24 89
24 83
25 44
26 33
27 89
29 89
30 33
31 72
32 65
33 50
33 59
33 65
33 68
33 79
33 81
33 91
35 72
36 88
37 65
38 97
39 97
40 89
41 65
42 90
43 97
44 89
44 47
44 56
44 64
44 66
44 67
44 70
44 73
44 84
44 90
46 88
48 97
49 65
52 97
53 89
54 71
55 97
58 89
60 90
61 88
63 89
65 76
65 98
72 97
72 74
75 89
76 80
76 94
77 89
85 88
89 97
96 97
77 98
0 2
1 3
2 6
3 7
4 9
5 11
6 13
7 27
8 18
9 27
10 18
11 27
11 23
11 24
11 48
11 61
11 72
12 27
12 25
13 27
13 28
13 63
13 75
13 77
13 78
13 91
13 95
14 71
15 28
16 85
17 24
18 24
18 84
19 75
20 42
21 26
22 28
24 41
24 42
24 49
24 50
24 70
24 76
24 88
26 27
26 71
27 37
27 38
27 44
27 55
27 56
27 57
27 62
27 69
27 79
27 86
27 89
28 29
28 32
28 45
28 52
28 58
28 66
28 74
30 71
31 72
33 71
33 67
34 72
35 72
35 43
36 45
39 85
40 71
42 60
42 65
42 73
42 90
42 94
42 98
45 46
45 47
45 54
45 68
45 80
45 82
45 87
45 92
45 96
46 93
51 71
53 72
59 72
64 72
72 81
72 83
72 85
75 97
74 99
0 88
1 28
1 42
2 54
3 9
3 25
3 40
3 59
3 60
4 12
5 7
6 71
7 26
7 46
7 55
7 68
7 96
8 54
9 26
9 24
9 27
9 64
9 66
9 81
9 93
10 24
11 45
12 45
12 47
12 50
13 26
14 20
15 45
15 31
16 34
17 40
17 53
17 83
18 71
19 24
20 24
20 23
20 30
20 34
20 41
20 48
20 57
21 26
21 85
21 86
22 45
24 29
24 44
24 71
24 74
24 79
24 90
24 92
26 35
26 39
26 45
26 61
26 95
26 98
27 32
27 38
27 58
27 63
27 75
27 77
27 82
28 71
28 37
28 43
28 87
33 45
35 65
36 40
40 49
40 52
40 54
40 76
40 84
40 91
45 51
45 56
45 69
45 70
45 78
45 97
49 73
49 94
49 99
54 89
62 87
63 80
67 70
72 90
88 99
67 99
0 37
0 24
0 79
1 59
2 12
2 16
2 38
2 57
2 71
2 78
2 85
3 15
4 31
5 12
6 12
6 21
6 89
7 59
8 88
9 37
9 42
9 43
9 49
9 60
9 66
10 93
11 37
11 20
11 41
11 48
11 65
11 94
12 90
12 40
12 61
12 68
12 72
13 31
13 70
13 73
14 53
15 53
16 23
17 90
18 33
19 31
22 31
22 75
25 77
26 90
27 74
28 98
29 48
30 72
31 90
31 62
31 74
31 81
32 50
33 37
33 36
33 45
33 58
33 88
34 40
35 68
37 78
37 50
37 59
37 64
37 84
38 56
38 77
39 60
44 74
46 48
47 72
50 67
50 86
51 93
52 78
53 78
54 78
55 59
59 87
59 93
60 82
63 72
66 69
68 96
72 80
72 99
76 97
78 95
78 98
83 85
90 91
90 97
92 95
70 99
0 47
1 88
2 18
2 6
3 18
4 71
5 30
7 88
8 44
9 70
10 77
10 99
11 44
12 36
13 52
14 26
14 37
14 41
15 70
16 32
17 70
18 26
18 50
18 52
18 59
18 70
18 71
18 85
19 24
19 35
19 56
20 45
21 34
21 58
21 60
21 91
21 93
21 95
22 24
23 44
24 34
24 26
24 79
24 89
24 98
25 52
26 28
26 42
26 61
26 77
26 87
26 88
27 77
29 77
29 38
29 57
30 42
30 65
30 75
31 50
31 46
32 50
33 52
34 40
34 86
34 97
36 70
38 84
39 50
42 44
42 47
42 76
42 82
43 52
43 80
44 54
44 64
45 88
45 83
45 94
48 71
49 50
50 62
51 88
52 96
53 66
55 70
55 68
63 65
66 88
67 71
69 88
71 72
73 77
74 88
77 81
77 90
78 96
88 92
67 99
0 13
0 16
0 55
0 95
0 98
1 69
2 36
2 4
2 8
2 51
2 65
3 33
3 23
5 29
6 71
7 92
9 16
10 13
10 39
10 54
10 62
10 97
11 39
12 64
13 82
13 28
13 29
13 33
13 75
14 81
15 92
15 19
15 77
17 53
17 91
18 88
20 69
21 73
22 32
24 71
24 46
25 33
26 31
27 47
27 83
28 76
29 50
29 78
30 52
31 70
31 81
32 92
32 47
32 48
32 88
32 89
33 58
33 84
34 88
35 99
36 64
36 38
37 71
39 40
39 61
41 92
41 56
42 52
43 82
44 73
45 54
47 85
49 73
52 81
53 82
53 90
57 71
59 92
60 92
60 63
60 93
60 94
62 86
64 82
64 74
64 79
64 80
66 71
67 88
68 73
69 81
71 82
71 99
72 82
73 82
73 96
81 82
81 87
81 92
69 99
0 20
0 78
1 12
2 51
2 11
3 51
3 5
3 13
3 14
3 25
3 47
3 50
3 72
3 86
4 51
4 21
6 84
7 58
8 89
9 29
9 33
9 42
10 25
12 51
12 18
14 41
14 64
14 77
14 89
15 31
16 58
17 75
19 67
20 74
20 37
20 51
20 52
20 56
20 61
20 62
20 76
22 82
23 67
24 44
25 39
25 68
25 81
26 28
27 61
28 61
28 45
28 84
29 61
29 31
29 43
29 58
29 82
29 91
29 97
30 75
32 61
34 67
35 56
36 74
38 74
38 44
38 69
40 58
46 91
48 75
49 51
50 55
51 67
51 87
51 93
53 67
54 82
57 67
59 84
59 85
60 74
61 70
61 80
61 83
61 92
63 97
65 84
65 71
66 74
67 95
67 99
73 74
73 96
74 75
74 88
75 98
79 86
82 94
90 97
62 99
0 3
1 32
1 4
1 38
1 57
1 81
1 84
1 86
2 47
3 32
3 17
3 23
3 53
3 87
5 11
6 99
6 98
7 84
8 22
8 34
8 35
8 80
8 85
9 22
10 57
10 41
10 96
11 40
12 16
13 60
14 71
14 44
14 56
14 75
15 66
16 25
16 82
18 29
19 47
20 32
20 29
20 45
20 59
20 74
21 59
22 28
22 32
22 94
22 99
23 30
23 49
23 50
24 57
25 57
25 79
26 68
27 63
31 32
32 47
32 63
32 64
33 60
34 37
34 70
36 86
39 45
40 99
41 78
42 63
43 68
45 51
45 60
45 68
45 71
46 85
47 76
47 91
47 95
48 49
52 85
54 72
55 63
57 58
57 93
60 61
60 67
62 74
65 71
65 88
66 71
69 81
72 95
73 90
77 78
83 95
85 89
86 97
90 99
90 92
66 99
0 6
1 25
1 3
1 6
1 29
1 42
1 83
1 94
2 25
3 49
4 29
4 7
4 68
4 99
5 37
6 39
6 66
6 74
6 80
6 82
6 86
8 18
9 64
10 80
11 42
12 60
13 96
14 42
14 27
14 54
15 60
16 74
16 26
16 30
16 41
16 58
16 60
16 62
16 70
17 29
18 28
18 51
19 72
20 69
21 43
22 40
23 33
24 28
25 40
25 69
25 78
25 87
28 74
28 45
28 90
29 65
31 67
32 38
33 74
33 73
33 76
33 93
34 92
35 82
36 86
37 80
37 46
38 72
40 43
40 44
40 92
42 89
43 63
47 96
47 85
48 80
50 69
52 58
53 65
55 65
55 77
56 82
57 67
59 92
59 61
64 98
65 88
67 82
71 82
72 92
74 75
74 81
74 84
75 95
75 96
79 92
80 97
86 91
86 98
69 99
0 20
1 37
1 2
1 19
1 33
1 60
1 69
1 82
1 85
2 68
3 46
4 53
5 94
5 66
6 54
7 54
8 54
9 10
10 39
10 62
11 82
12 73
13 53
14 79
15 55
15 32
16 20
16 65
17 89
18 34
20 45
20 47
20 56
20 67
20 93
21 86
22 82
23 54
23 99
24 39
25 54
26 85
27 37
28 36
29 37
30 45
31 45
34 89
34 95
35 46
36 43
36 55
36 73
36 80
36 81
36 83
37 45
37 39
37 52
37 89
37 94
37 97
38 86
39 44
39 51
39 63
39 78
40 54
41 54
42 85
43 89
43 75
43 98
45 46
45 59
45 90
45 92
46 57
46 70
48 50
49 86
50 82
53 59
54 94
54 74
58 80
61 90
64 90
64 91
64 96
71 86
72 94
76 80
77 80
79 89
82 84
86 89
87 90
88 98
59 59
0 1
0 2
0 3
0 4
0 5
0 6
0 7
0 8
0 9
0 10
0 11
0 12
0 13
0 14
0 15
0 16
0 17
0 18
0 19
0 20
0 21
0 22
0 23
0 24
0 25
0 26
0 27
0 28
0 29
0 30
0 31
0 32
0 33
0 34
0 35
0 36
0 37
0 38
0 39
0 40
0 41
0 42
0 43
0 44
0 45
0 46
0 47
0 48
0 49
0 50
0 51
0 52
0 53
0 54
0 55
0 56
0 57
0 58
0 59
84 99
0 80
1 86
2 44
2 41
2 48
2 50
2 51
2 56
2 59
2 60
2 62
2 63
2 71
2 82
2 83
2 84
2 86
2 91
2 94
2 96
3 56
4 56
5 40
5 42
5 44
5 54
5 55
5 61
5 66
5 68
5 69
5 70
5 74
5 75
5 77
5 78
5 81
5 90
5 93
5 98
6 63
7 90
8 86
8 57
9 80
10 80
11 86
12 44
13 86
14 63
15 86
16 56
17 86
18 65
19 56
20 44
21 44
22 44
22 43
22 52
22 64
22 65
22 88
22 95
22 97
23 44
24 41
25 44
25 46
25 49
25 85
25 92
26 56
27 44
28 44
29 86
30 44
30 45
30 67
31 44
32 44
33 44
33 79
34 44
34 47
34 53
34 58
34 72
34 73
34 76
34 80
34 87
34 89
34 99
35 90
36 86
37 44
38 44
39 80
79 99
0 11
1 11
2 11
3 80
4 72
4 16
4 49
4 55
4 83
4 99
5 83
6 46
7 80
8 49
9 45
10 72
11 22
11 35
11 36
11 52
11 72
11 80
11 94
11 98
12 46
12 74
13 80
14 45
15 82
17 83
18 46
19 46
20 80
21 72
23 49
24 93
25 39
26 45
26 92
27 96
28 72
29 80
30 46
30 31
30 40
30 43
30 45
30 56
30 91
30 97
31 58
32 72
33 80
34 80
35 60
35 88
37 83
38 73
39 72
39 95
40 66
41 49
42 83
44 80
45 75
46 80
46 47
46 51
46 62
46 69
46 70
46 77
46 96
48 96
49 79
49 81
49 87
50 83
53 80
54 83
57 83
59 80
61 72
63 64
64 80
65 80
67 72
68 78
71 72
72 78
72 84
72 86
72 93
73 80
76 80
80 85
80 89
80 90
82 83
64 99
0 93
1 55
1 41
1 44
1 52
2 45
2 31
2 80
3 49
3 10
3 82
4 48
5 56
6 45
7 95
8 63
9 15
11 78
12 93
13 95
13 23
13 92
14 33
14 86
15 17
15 28
15 90
16 51
17 60
17 72
17 73
18 58
19 95
19 37
20 56
21 81
22 25
22 50
22 74
24 60
25 65
25 62
25 75
25 81
25 85
25 93
25 96
26 95
27 70
29 52
29 78
29 83
30 83
31 87
32 60
33 81
33 94
33 95
34 71
35 81
36 45
38 81
39 43
40 94
42 65
43 93
43 58
43 63
43 66
43 97
45 52
45 49
45 71
46 65
47 55
47 61
47 69
48 56
49 70
51 85
52 59
52 65
52 98
53 56
54 85
56 93
56 57
58 67
60 93
60 84
60 89
60 99
63 68
64 89
65 79
71 77
76 93
81 88
91 93
49 99
0 91
1 99
2 49
3 50
3 21
3 25
3 34
3 35
4 56
4 24
4 33
4 50
4 52
4 81
5 17
6 57
7 37
8 83
9 81
10 78
10 90
11 67
11 64
11 78
12 64
13 20
14 65
15 92
16 31
16 51
17 52
17 46
18 92
18 41
18 55
19 59
20 64
21 23
21 85
21 86
22 86
24 36
24 87
26 27
27 64
27 56
27 58
27 62
28 48
29 57
30 69
31 88
32 56
33 38
35 66
37 45
39 49
39 73
40 57
42 81
42 82
43 99
44 85
45 48
45 67
46 59
47 61
48 72
49 74
49 61
49 68
49 95
50 74
50 80
50 92
50 99
53 79
54 72
56 84
57 85
58 96
60 62
62 88
63 72
65 66
66 77
66 97
67 76
69 81
69 91
70 95
71 84
74 89
75 87
77 93
79 91
80 98
81 83
92 94
55 99
0 11
1 69
1 21
1 30
1 31
1 47
1 62
1 70
2 69
2 29
3 75
4 69
4 50
4 52
5 49
5 82
6 89
6 28
6 48
6 71
7 39
8 65
9 55
9 79
10 64
11 60
11 78
12 14
12 27
12 83
12 90
13 90
13 55
14 23
15 99
16 90
16 26
16 39
16 75
17 99
17 53
18 87
19 65
20 64
20 36
20 37
20 49
22 49
23 41
24 77
25 69
27 34
27 64
27 69
27 77
27 81
28 42
28 59
28 94
32 51
33 35
34 65
35 69
35 56
35 72
35 89
36 87
37 44
38 81
40 54
42 80
43 99
45 73
46 71
51 81
51 91
52 76
54 89
54 58
57 64
57 68
57 96
60 90
61 81
62 98
63 74
64 93
66 71
67 97
69 74
69 95
69 99
73 77
77 85
77 88
81 84
81 86
83 92
90 97
63 99
0 35
1 71
2 57
2 15
3 35
4 10
5 36
6 10
7 92
8 26
8 32
9 38
9 75
10 92
10 25
10 59
10 63
10 71
11 42
12 26
12 31
12 80
12 86
13 28
14 81
16 35
16 24
16 62
17 32
18 57
19 49
20 34
20 37
20 44
20 46
20 99
21 99
22 60
23 97
23 42
23 55
23 94
26 35
26 82
27 43
28 71
28 96
29 57
30 72
33 60
35 99
35 60
35 65
35 72
35 92
36 99
36 98
38 92
38 47
38 52
38 64
38 66
38 91
39 73
39 51
40 90
41 72
42 79
43 56
45 49
47 83
47 85
48 60
49 97
49 54
49 68
50 88
50 67
52 88
53 61
56 92
57 92
57 73
57 93
58 99
60 81
61 99
61 89
69 82
70 74
72 76
73 74
73 97
77 92
78 92
82 90
84 98
87 92
95 97
67 99
0 65
1 62
2 23
2 7
3 62
4 85
4 22
4 34
4 50
4 93
5 62
6 25
6 89
8 23
9 72
10 98
11 67
12 55
13 62
14 77
14 51
15 96
15 58
16 96
17 74
18 25
19 96
20 96
21 68
21 29
23 27
23 30
23 37
23 52
23 86
23 91
24 82
24 28
24 45
25 62
26 55
31 74
32 54
33 37
35 47
36 62
38 67
39 62
40 96
41 67
42 74
43 78
43 55
43 63
43 92
44 79
46 65
47 85
47 61
47 64
48 52
48 60
48 83
48 88
49 68
52 59
52 68
52 73
52 78
53 90
54 85
54 71
54 94
55 81
56 77
57 62
61 70
62 96
65 76
66 96
67 98
67 87
67 97
68 76
68 85
68 96
69 90
72 74
74 98
75 80
76 80
77 96
77 95
79 98
82 85
84 98
85 98
90 96
90 99
64 99
0 73
1 42
2 81
3 4
3 46
3 55
4 91
4 13
4 38
5 18
6 22
7 50
8 53
8 68
8 92
9 85
10 23
10 71
11 18
11 25
11 62
12 91
12 33
14 97
15 91
16 38
17 33
18 87
18 24
18 56
18 73
18 91
19 38
20 22
20 49
21 72
22 63
23 87
23 57
23 69
26 50
26 74
27 43
27 52
28 92
29 42
30 73
31 50
32 78
33 65
33 75
34 78
35 41
36 97
37 82
38 85
39 42
40 78
41 72
41 64
42 87
42 47
42 50
42 70
42 90
43 97
43 60
44 85
45 97
48 96
49 99
50 53
50 78
51 82
53 76
54 97
58 78
58 61
58 77
59 87
61 83
63 77
63 67
63 89
66 85
72 79
72 87
72 97
73 93
77 80
77 98
78 81
79 96
82 85
84 91
86 91
87 94
88 91
91 95
66 99
0 46
1 53
2 72
2 43
3 58
3 20
3 57
4 91
5 27
5 23
6 76
7 94
8 14
9 47
10 72
11 94
11 16
12 33
12 18
12 65
12 79
13 51
14 26
14 42
14 58
14 97
15 94
15 44
15 60
15 80
17 67
19 26
21 52
22 86
24 62
25 76
25 27
25 30
25 35
25 99
26 50
28 94
28 29
28 56
31 34
32 88
33 41
33 61
33 75
33 76
33 85
33 86
34 51
34 45
34 55
34 92
36 86
36 38
36 39
36 40
37 91
39 53
39 90
41 58
41 66
41 70
41 72
41 82
44 77
46 58
46 68
46 78
46 96
47 91
48 66
49 72
51 94
52 62
52 59
54 77
58 62
58 88
58 94
63 72
64 66
67 94
67 73
67 81
67 98
69 94
71 91
72 83
72 91
74 94
77 89
80 84
86 87
93 94
94 95
60 99
0 29
0 60
1 87
2 27
3 4
4 54
5 65
5 98
6 98
7 24
8 65
8 64
8 73
8 84
9 47
10 99
10 25
10 35
11 47
11 21
12 24
12 63
12 96
13 51
14 16
15 72
15 49
16 51
16 32
16 99
17 30
18 35
19 51
20 62
22 79
23 51
23 28
24 56
24 93
26 98
27 46
27 67
29 46
29 44
30 63
30 57
31 60
33 50
34 51
35 61
35 70
35 97
36 99
37 83
38 47
39 85
40 99
41 46
42 43
43 46
43 86
44 66
45 54
46 63
46 68
46 80
46 88
47 63
47 54
47 79
47 82
48 50
50 63
50 51
50 65
51 78
51 83
51 85
51 91
52 84
53 99
54 76
54 95
55 80
55 81
57 89
58 80
59 84
62 65
63 90
65 74
65 87
69 94
71 73
72 84
75 90
77 85
85 92
85 94
65 99
0 40
1 35
1 63
2 46
3 24
3 60
3 77
3 80
3 95
4 39
4 9
4 43
5 9
6 40
7 23
7 44
8 79
8 84
9 10
9 73
11 39
12 94
13 65
14 59
14 83
15 53
16 23
17 39
18 71
19 59
20 71
20 45
21 40
22 65
23 65
23 25
23 31
23 41
23 48
23 67
23 78
23 79
23 90
23 99
24 65
24 76
25 51
25 57
25 59
25 71
26 59
27 60
28 81
29 65
30 94
31 54
32 49
33 91
34 48
35 91
35 68
36 76
37 99
37 49
37 92
38 62
39 99
39 55
40 65
40 64
41 53
41 58
42 71
46 71
46 52
47 59
49 74
50 99
56 75
59 97
60 69
60 89
61 76
62 68
65 88
65 93
66 79
70 94
71 98
72 91
75 94
76 96
79 91
81 97
82 91
85 94
86 94
87 99
94 99
64 99
0 45
0 19
0 65
0 91
1 42
1 18
2 58
2 13
2 80
3 62
4 52
4 26
5 38
6 53
7 97
8 9
8 10
8 50
9 24
9 16
9 37
9 87
9 88
10 36
11 45
12 38
12 52
12 63
12 90
12 97
14 42
15 29
17 25
20 27
21 92
22 40
23 71
24 58
24 32
24 33
24 44
24 54
24 92
25 42
27 29
27 39
27 75
28 51
29 63
29 48
29 70
30 53
31 38
34 63
35 39
37 68
38 42
39 76
39 78
39 98
40 62
40 71
40 85
40 94
41 52
42 77
42 95
43 58
45 58
45 51
45 66
46 96
46 55
47 58
49 94
52 53
52 59
52 84
53 58
56 88
57 95
58 62
58 72
58 83
58 99
59 79
60 96
61 86
62 64
62 81
62 82
63 67
69 71
71 73
74 87
84 96
86 97
89 95
93 96
64 99
0 8
0 25
0 79
0 96
1 31
2 51
3 90
4 79
4 7
4 77
5 68
6 39
8 65
9 51
10 75
11 67
12 30
13 85
14 51
14 37
15 79
16 22
16 59
17 67
18 61
19 68
20 76
21 85
22 85
22 23
22 28
22 75
22 81
22 95
24 86
26 68
27 79
27 47
27 82
28 39
28 44
28 63
29 75
30 35
30 48
30 72
30 74
31 76
32 96
32 41
32 66
33 54
34 76
35 51
35 61
35 88
35 94
36 75
36 78
38 51
40 47
42 79
42 70
42 93
43 85
45 76
46 67
46 54
47 55
49 77
50 68
51 67
51 87
52 63
53 79
54 73
54 89
56 57
57 75
57 69
58 84
58 71
60 83
62 67
64 83
67 79
67 85
68 84
70 91
75 97
76 85
76 84
76 86
79 80
83 84
84 98
85 92
86 90
86 99
67 99
0 18
1 82
2 46
2 36
3 98
4 22
4 61
4 79
4 83
4 97
5 22
6 71
7 42
8 29
8 58
9 60
10 27
11 60
12 45
13 71
14 87
15 30
16 20
17 60
18 43
18 29
18 45
18 95
19 64
20 45
20 52
20 64
21 93
22 45
22 86
22 93
23 45
24 45
25 60
26 29
27 71
28 90
29 67
29 92
30 43
30 62
31 94
32 46
32 56
32 96
33 46
34 85
35 46
37 46
38 50
39 90
39 73
40 72
41 46
42 50
42 54
42 85
43 94
43 46
43 60
43 76
43 90
44 92
45 53
45 71
45 78
45 82
47 64
48 93
49 87
50 82
51 69
55 91
56 72
57 71
59 82
60 81
60 87
63 85
65 67
66 79
67 74
68 71
69 87
70 87
72 77
75 79
80 87
84 93
87 88
89 93
90 99
91 94
94 98
67 99
0 17
0 27
0 46
0 91
1 19
1 8
1 39
1 45
1 60
1 64
2 73
3 84
4 30
5 59
5 37
5 89
6 46
7 53
7 9
7 20
7 55
7 59
7 66
7 86
8 48
8 98
8 99
10 35
11 69
12 86
13 63
14 38
15 46
16 19
18 68
19 84
19 26
19 47
19 68
19 74
19 82
19 96
21 58
22 41
23 63
24 55
25 35
27 28
29 41
30 56
31 84
32 46
33 84
34 46
35 68
36 93
38 53
38 87
39 40
39 56
39 75
40 49
40 57
40 69
41 64
42 43
43 59
43 67
43 95
44 62
46 84
50 58
51 84
52 61
53 63
53 78
54 84
55 90
58 63
59 62
59 73
59 83
59 97
60 80
61 64
63 68
63 65
63 92
64 71
64 77
64 85
64 88
68 72
68 79
70 84
71 94
76 98
81 93
84 93
67 99
0 64
1 18
2 7
2 12
3 24
4 44
5 9
5 42
5 78
6 32
7 70
7 82
7 92
8 18
9 16
9 51
9 89
10 70
11 90
13 22
14 24
15 74
17 66
18 29
18 39
19 60
20 60
20 31
20 52
21 76
22 32
23 60
24 60
24 79
25 58
26 58
27 70
27 41
28 53
29 71
29 37
29 50
29 55
29 67
29 76
29 95
29 96
30 53
32 58
32 49
32 61
32 71
32 87
33 66
33 35
34 60
36 71
36 54
36 98
38 66
40 44
40 77
43 78
44 78
45 66
46 87
46 57
47 74
48 71
50 83
53 60
55 72
56 64
58 78
58 60
58 63
58 64
58 69
59 76
60 66
60 86
62 74
63 94
64 80
65 67
66 93
67 88
67 99
68 78
70 71
71 81
71 85
71 97
73 87
74 78
75 91
76 90
78 84
78 91