0 15 8 18 20 15 21 10 15 30 20 17 20 15 13 21 8 16 16 18 19 22 17 14 18 17 19 19 14 13 18 18 16 19 14 12 18 19 16 23 13 9 15 20 19 23 19 7 17 14 
15 0 8 16 13 13 10 8 15 25 9 10 9 4 11 6 7 11 14 16 19 11 16 3 16 13 20 16 12 2 11 13 18 5 14 3 12 13 12 14 11 9 13 16 17 12 12 9 18 12 
8 8 0 15 15 7 13 2 7 22 15 12 12 8 10 14 11 11 13 10 13 17 10 7 13 9 12 11 6 6 11 13 12 13 6 7 10 17 8 18 5 1 7 12 11 16 14 1 10 6 
18 16 15 0 12 12 12 15 16 26 13 9 13 16 5 16 19 8 2 8 21 14 19 13 4 10 18 8 19 14 10 10 6 18 15 15 11 12 11 16 12 15 11 15 15 16 11 14 16 13 
20 13 15 12 0 9 13 13 14 22 13 5 12 15 7 14 18 4 10 13 17 10 15 14 12 6 19 12 17 13 6 6 15 8 13 14 7 17 8 18 13 15 16 11 11 12 7 16 17 14 
15 13 7 12 9 0 6 9 12 23 10 6 5 10 8 7 17 5 11 6 13 11 13 13 13 7 17 5 13 12 7 7 8 15 11 13 8 14 1 12 12 6 9 12 12 13 8 8 15 11 
21 10 13 12 13 6 0 14 14 24 14 9 1 6 12 11 13 9 10 10 18 14 9 9 12 11 19 9 18 8 10 11 12 15 13 9 11 18 5 13 17 12 13 15 16 17 11 14 17 17 
10 8 2 15 13 9 14 0 9 20 13 10 13 8 12 14 9 9 13 8 15 15 8 7 11 7 14 9 4 6 9 11 10 13 8 5 8 17 10 16 3 3 5 14 9 16 12 3 12 4 
15 15 7 16 14 12 14 9 0 23 12 11 13 15 13 9 17 10 14 10 16 14 17 14 12 12 5 9 13 13 11 8 12 19 1 14 12 10 12 17 12 6 13 5 12 18 13 8 3 13 
30 25 22 26 22 23 24 20 23 0 16 19 25 25 21 19 26 18 24 23 16 24 23 24 26 20 28 24 24 23 20 16 21 28 22 22 21 20 22 11 23 23 25 25 21 26 21 23 26 24 
20 9 15 13 13 10 14 13 12 16 0 8 13 11 12 3 12 9 14 12 10 8 7 10 16 7 13 11 17 9 7 11 14 13 11 8 6 4 9 5 16 16 15 14 16 17 10 16 15 17 
17 10 12 9 5 6 9 10 11 19 8 0 9 10 4 10 13 1 7 10 12 5 12 9 9 3 16 9 14 8 1 3 12 9 10 9 2 12 5 13 10 12 12 6 8 9 2 13 14 11 
20 9 12 13 12 5 1 13 13 25 13 9 0 5 11 10 12 8 11 9 18 14 8 8 13 10 18 8 17 7 10 10 11 14 12 8 11 17 4 14 16 11 12 15 15 16 11 13 16 16 
15 4 8 16 15 10 6 8 15 25 11 10 5 0 11 10 7 11 14 13 19 13 13 3 16 13 20 13 12 2 11 13 15 9 14 3 12 15 9 14 11 9 10 16 17 12 12 9 18 12 
13 11 10 5 7 8 12 12 13 21 12 4 11 11 0 13 14 3 3 10 16 9 14 8 5 5 18 9 16 9 5 5 11 13 12 10 6 13 7 17 12 10 13 10 10 11 6 9 16 13 
21 6 14 16 14 7 11 14 9 19 3 10 10 10 13 0 13 10 16 11 13 5 10 9 18 10 14 10 18 8 10 12 13 11 8 9 9 7 6 8 14 13 14 14 17 18 12 15 12 15 
8 7 11 19 18 17 13 9 17 26 12 13 12 7 14 13 0 14 17 17 20 17 17 6 19 16 13 18 10 5 14 16 19 11 16 4 15 16 16 15 12 11 14 18 18 15 15 12 15 11 
16 11 11 8 4 5 9 9 10 18 9 1 8 11 3 10 14 0 6 9 13 6 11 10 8 2 15 8 13 9 2 2 11 10 9 10 3 13 4 14 9 11 12 7 7 8 3 12 13 10 
16 14 13 2 10 11 10 13 14 24 14 7 11 14 3 16 17 6 0 7 19 12 17 11 2 8 16 6 17 12 8 8 8 16 13 13 9 10 10 18 10 13 10 13 13 14 9 12 14 11 
18 16 10 8 13 6 10 8 10 23 12 10 9 13 10 11 17 9 7 0 17 15 16 15 9 9 15 1 12 14 9 11 2 15 11 13 8 16 5 12 11 11 3 15 16 17 12 11 13 12 
19 19 13 21 17 13 18 15 16 16 10 12 18 19 16 13 20 13 19 17 0 17 17 18 21 15 21 18 12 17 13 15 15 21 17 16 14 14 14 5 18 14 20 18 20 21 14 12 19 19 
22 11 17 14 10 11 14 15 14 24 8 5 14 13 9 5 17 6 12 15 17 0 15 11 14 8 17 14 19 12 6 8 17 14 13 13 7 12 10 13 15 17 17 11 13 14 7 18 17 16 
17 16 10 19 15 13 9 8 17 23 7 12 8 13 14 10 17 11 17 16 17 15 0 15 19 9 20 16 12 14 11 13 18 17 16 13 10 11 12 12 11 11 13 18 17 19 14 11 20 12 
14 3 7 13 14 13 9 7 14 24 10 9 8 3 8 9 6 10 11 15 18 11 15 0 13 12 19 16 11 1 10 12 17 8 13 2 11 14 12 13 10 8 12 15 16 11 11 8 17 11 
18 16 13 4 12 13 12 11 12 26 16 9 13 16 5 18 19 8 2 9 21 14 19 13 0 10 14 8 15 14 10 10 10 18 11 15 11 12 12 20 8 14 12 15 15 15 11 14 12 9 
17 13 9 10 6 7 11 7 12 20 7 3 10 13 5 10 16 2 8 9 15 8 9 12 10 0 17 8 11 11 2 4 11 8 11 12 1 11 6 12 10 10 12 9 9 10 5 10 15 11 
19 20 12 18 19 17 19 14 5 28 13 16 18 20 18 14 13 15 16 15 21 17 20 19 14 17 0 14 18 18 16 13 15 24 6 17 17 15 17 18 17 11 18 10 17 23 18 12 2 18 
19 16 11 8 12 5 9 9 9 24 11 9 8 13 9 10 18 8 6 1 18 14 16 16 8 8 14 0 13 15 8 10 3 14 10 14 7 15 4 13 12 11 4 14 15 16 11 12 12 13 
14 12 6 19 17 13 18 4 13 24 17 14 17 12 16 18 10 13 17 12 12 19 12 11 15 11 18 13 0 10 13 15 14 17 12 9 12 21 14 17 7 7 9 18 13 20 16 7 16 8 
13 2 6 14 13 12 8 6 13 23 9 8 7 2 9 8 5 9 12 14 17 12 14 1 14 11 18 15 10 0 9 11 16 7 12 1 10 13 11 12 9 7 11 14 15 10 10 7 16 10 
18 11 11 10 6 7 10 9 11 20 7 1 10 11 5 10 14 2 8 9 13 6 11 10 10 2 16 8 13 9 0 4 11 8 10 10 1 11 6 12 11 12 12 7 9 10 3 12 14 12 
18 13 13 10 6 7 11 11 8 16 11 3 10 13 5 12 16 2 8 11 15 8 13 12 10 4 13 10 15 11 4 0 13 12 7 12 5 15 6 16 11 12 11 9 5 10 5 14 11 12 
16 18 12 6 15 8 12 10 12 21 14 12 11 15 11 13 19 11 8 2 15 17 18 17 10 11 15 3 14 16 11 13 0 17 13 15 10 18 7 10 13 13 5 17 18 19 14 13 15 14 
19 5 13 18 8 15 15 13 19 28 13 9 14 9 13 11 11 10 16 15 21 14 17 8 18 8 24 14 17 7 8 12 17 0 18 8 7 17 14 18 10 14 18 15 17 17 11 14 22 9 
14 14 6 15 13 11 13 8 1 22 11 10 12 14 12 8 16 9 13 11 17 13 16 13 11 11 6 10 12 12 10 7 13 18 0 13 11 11 12 16 11 5 13 6 12 17 12 7 4 12 
12 3 7 15 14 13 9 5 14 22 8 9 8 3 10 9 4 10 13 13 16 13 13 2 15 12 17 14 9 1 10 12 15 8 13 0 11 12 12 11 8 8 10 14 14 11 11 8 15 9 
18 12 10 11 7 8 11 8 12 21 6 2 11 12 6 9 15 3 9 8 14 7 10 11 11 1 17 7 12 10 1 5 10 7 11 11 0 10 7 11 11 11 11 8 10 11 4 11 15 12 
19 13 17 12 17 14 18 17 10 20 4 12 17 15 13 7 16 13 10 16 14 12 11 14 12 11 15 15 21 13 11 15 18 17 11 12 10 0 13 9 20 16 19 15 18 21 14 18 13 21 
16 12 8 11 8 1 5 10 12 22 9 5 4 9 7 6 16 4 10 5 14 10 12 12 12 6 17 4 14 11 6 6 7 14 12 12 7 13 0 11 13 7 8 11 11 12 7 9 15 12 
23 14 18 16 18 12 13 16 17 11 5 13 14 14 17 8 15 14 18 12 5 13 12 13 20 12 18 13 17 12 12 16 10 18 16 11 11 9 11 0 18 18 15 19 21 22 15 17 20 17 
13 11 5 12 13 12 17 3 12 23 16 10 16 11 12 14 12 9 10 11 18 15 11 10 8 10 17 12 7 9 11 11 13 10 11 8 11 20 13 18 0 6 8 16 12 17 12 6 15 1 
9 9 1 15 15 6 12 3 6 23 16 12 11 9 10 13 11 11 13 11 14 17 11 8 14 10 11 11 7 7 12 12 13 14 5 8 11 16 7 18 6 0 8 11 12 17 14 2 9 7 
15 13 7 11 16 9 13 5 13 25 15 12 12 10 13 14 14 12 10 3 20 17 13 12 12 12 18 4 9 11 12 11 5 18 13 10 11 19 8 15 8 8 0 18 14 20 14 8 16 9 
20 16 12 15 11 12 15 14 5 25 14 6 15 16 10 14 18 7 13 15 18 11 18 15 15 9 10 14 18 14 7 9 17 15 6 14 8 15 11 19 16 11 18 0 14 15 8 13 8 17 
19 17 11 15 11 12 16 9 12 21 16 8 15 17 10 17 18 7 13 16 20 13 17 16 15 9 17 15 13 15 9 5 18 17 12 14 10 18 11 21 12 12 14 14 0 15 10 12 15 13 
23 12 16 16 12 13 17 16 18 26 17 9 16 12 11 18 15 8 14 17 21 14 19 11 15 10 23 16 20 10 10 10 19 17 17 11 11 21 12 22 17 17 20 15 15 0 11 17 21 18 
19 12 14 11 7 8 11 12 13 21 10 2 11 12 6 12 15 3 9 12 14 7 14 11 11 5 18 11 16 10 3 5 14 11 12 11 4 14 7 15 12 14 14 8 10 11 0 15 16 13 
7 9 1 14 16 8 14 3 8 23 16 13 13 9 9 15 12 12 12 11 12 18 11 8 14 10 12 12 7 7 12 14 13 14 7 8 11 18 9 17 6 2 8 13 12 17 15 0 10 7 
17 18 10 16 17 15 17 12 3 26 15 14 16 18 16 12 15 13 14 13 19 17 20 17 12 15 2 12 16 16 14 11 15 22 4 15 15 13 15 20 15 9 16 8 15 21 16 10 0 16 
14 12 6 13 14 11 17 4 13 24 17 11 16 12 13 15 11 10 11 12 19 16 12 11 9 11 18 13 8 10 12 12 14 9 12 9 12 21 12 17 1 7 9 17 13 18 13 7 16 0 
